Started GET "/" for 127.0.0.1 at 2017-04-20 14:41:25 +0300
Processing by Rails::WelcomeController#index as HTML
  Parameters: {"internal"=>true}
  Rendering /home/alexander/.rbenv/versions/2.4.0/lib/ruby/gems/2.4.0/gems/railties-5.0.2/lib/rails/templates/rails/welcome/index.html.erb
  Rendered /home/alexander/.rbenv/versions/2.4.0/lib/ruby/gems/2.4.0/gems/railties-5.0.2/lib/rails/templates/rails/welcome/index.html.erb (2.7ms)
Completed 200 OK in 18ms (Views: 7.1ms | ActiveRecord: 0.0ms)


  [1m[35m (115.5ms)[0m  [1m[35mCREATE TABLE "schema_migrations" ("version" character varying PRIMARY KEY)[0m
  [1m[35m (102.5ms)[0m  [1m[35mCREATE TABLE "ar_internal_metadata" ("key" character varying PRIMARY KEY, "value" character varying, "created_at" timestamp NOT NULL, "updated_at" timestamp NOT NULL)[0m
  [1m[35m (0.4ms)[0m  [1m[34mSELECT pg_try_advisory_lock(1130044485376387350);[0m
  [1m[36mActiveRecord::SchemaMigration Load (0.7ms)[0m  [1m[34mSELECT "schema_migrations".* FROM "schema_migrations"[0m
  [1m[36mActiveRecord::InternalMetadata Load (0.5ms)[0m  [1m[34mSELECT  "ar_internal_metadata".* FROM "ar_internal_metadata" WHERE "ar_internal_metadata"."key" = $1 LIMIT $2[0m  [["key", :environment], ["LIMIT", 1]]
  [1m[35m (0.1ms)[0m  [1m[35mBEGIN[0m
  [1m[35mSQL (0.5ms)[0m  [1m[32mINSERT INTO "ar_internal_metadata" ("key", "value", "created_at", "updated_at") VALUES ($1, $2, $3, $4) RETURNING "key"[0m  [["key", "environment"], ["value", "development"], ["created_at", 2017-04-20 15:14:24 UTC], ["updated_at", 2017-04-20 15:14:24 UTC]]
  [1m[35m (6.8ms)[0m  [1m[35mCOMMIT[0m
  [1m[35m (0.3ms)[0m  [1m[34mSELECT pg_advisory_unlock(1130044485376387350)[0m
  [1m[36mActiveRecord::SchemaMigration Load (0.3ms)[0m  [1m[34mSELECT "schema_migrations".* FROM "schema_migrations"[0m
  [1m[35m (0.3ms)[0m  [1m[34mSELECT pg_try_advisory_lock(1130044485376387350);[0m
  [1m[36mActiveRecord::SchemaMigration Load (0.7ms)[0m  [1m[34mSELECT "schema_migrations".* FROM "schema_migrations"[0m
  [1m[36mActiveRecord::InternalMetadata Load (0.4ms)[0m  [1m[34mSELECT  "ar_internal_metadata".* FROM "ar_internal_metadata" WHERE "ar_internal_metadata"."key" = $1 LIMIT $2[0m  [["key", :environment], ["LIMIT", 1]]
  [1m[35m (0.1ms)[0m  [1m[35mBEGIN[0m
  [1m[35m (0.1ms)[0m  [1m[35mCOMMIT[0m
  [1m[35m (0.2ms)[0m  [1m[34mSELECT pg_advisory_unlock(1130044485376387350)[0m
  [1m[36mActiveRecord::SchemaMigration Load (0.2ms)[0m  [1m[34mSELECT "schema_migrations".* FROM "schema_migrations"[0m
  [1m[35m (0.2ms)[0m  [1m[34mSELECT pg_try_advisory_lock(1130044485376387350);[0m
  [1m[36mActiveRecord::SchemaMigration Load (0.8ms)[0m  [1m[34mSELECT "schema_migrations".* FROM "schema_migrations"[0m
Migrating to CreateHotels (20170420151558)
  [1m[35m (0.2ms)[0m  [1m[35mBEGIN[0m
  [1m[35m (99.2ms)[0m  [1m[35mCREATE TABLE "hotels" ("id" serial primary key, "title" character varying, "star_rating" integer, "breakfast_included" character varying, "room_description" character varying, "price_for_room" integer, "address" character varying)[0m
  [1m[35mSQL (0.5ms)[0m  [1m[32mINSERT INTO "schema_migrations" ("version") VALUES ($1) RETURNING "version"[0m  [["version", "20170420151558"]]
  [1m[35m (11.0ms)[0m  [1m[35mCOMMIT[0m
  [1m[36mActiveRecord::InternalMetadata Load (0.4ms)[0m  [1m[34mSELECT  "ar_internal_metadata".* FROM "ar_internal_metadata" WHERE "ar_internal_metadata"."key" = $1 LIMIT $2[0m  [["key", :environment], ["LIMIT", 1]]
  [1m[35m (0.2ms)[0m  [1m[35mBEGIN[0m
  [1m[35m (0.2ms)[0m  [1m[35mCOMMIT[0m
  [1m[35m (0.4ms)[0m  [1m[34mSELECT pg_advisory_unlock(1130044485376387350)[0m
  [1m[36mActiveRecord::SchemaMigration Load (0.3ms)[0m  [1m[34mSELECT "schema_migrations".* FROM "schema_migrations"[0m
Started GET "/" for 127.0.0.1 at 2017-04-20 18:30:36 +0300
  [1m[36mActiveRecord::SchemaMigration Load (0.5ms)[0m  [1m[34mSELECT "schema_migrations".* FROM "schema_migrations"[0m
Processing by HotelController#index as HTML
  Rendering hotel/index.html within layouts/application
  Rendered hotel/index.html within layouts/application (1.1ms)
Completed 200 OK in 469ms (Views: 458.9ms | ActiveRecord: 0.0ms)


Started GET "/" for 127.0.0.1 at 2017-04-20 18:31:05 +0300
Processing by HotelController#index as HTML
  Rendering hotel/index.html within layouts/application
  Rendered hotel/index.html within layouts/application (0.4ms)
Completed 200 OK in 21ms (Views: 19.5ms | ActiveRecord: 0.0ms)


Started GET "/" for 127.0.0.1 at 2017-04-21 11:58:04 +0300
  [1m[36mActiveRecord::SchemaMigration Load (11.7ms)[0m  [1m[34mSELECT "schema_migrations".* FROM "schema_migrations"[0m
Processing by HotelController#index as HTML
  Rendering hotel/index.html.erb within layouts/application
  [1m[36mHotel Load (18.7ms)[0m  [1m[34mSELECT "hotels".* FROM "hotels"[0m
  Rendered hotel/index.html.erb within layouts/application (35.7ms)
Completed 200 OK in 428ms (Views: 374.6ms | ActiveRecord: 20.4ms)


  [1m[35m (0.2ms)[0m  [1m[35mBEGIN[0m
  [1m[35mSQL (6.6ms)[0m  [1m[32mINSERT INTO "hotels" ("title", "star_rating", "breakfast_included", "room_description", "price_for_room", "address") VALUES ($1, $2, $3, $4, $5, $6) RETURNING "id"[0m  [["title", "Nikita"], ["star_rating", 3], ["breakfast_included", "yes"], ["room_description", "Some dicription"], ["price_for_room", 10], ["address", "Sevastopol sity"]]
  [1m[35m (29.1ms)[0m  [1m[35mCOMMIT[0m
Started GET "/" for 127.0.0.1 at 2017-04-21 12:22:12 +0300
Processing by HotelController#index as HTML
  Rendering hotel/index.html.erb within layouts/application
  [1m[36mHotel Load (0.7ms)[0m  [1m[34mSELECT "hotels".* FROM "hotels"[0m
  Rendered hotel/index.html.erb within layouts/application (24.8ms)
Completed 200 OK in 57ms (Views: 50.7ms | ActiveRecord: 4.2ms)


Started GET "/" for 127.0.0.1 at 2017-04-21 14:41:32 +0300
  [1m[36mActiveRecord::SchemaMigration Load (10.8ms)[0m  [1m[34mSELECT "schema_migrations".* FROM "schema_migrations"[0m
Processing by HotelController#index as HTML
  Rendering hotel/index.html.erb within layouts/application
  [1m[36mHotel Load (37.1ms)[0m  [1m[34mSELECT "hotels".* FROM "hotels"[0m
  Rendered hotel/index.html.erb within layouts/application (219.0ms)
Completed 500 Internal Server Error in 275ms (ActiveRecord: 88.6ms)


  
ActionView::Template::Error (undefined method `hotel_path' for #<#<Class:0x0055b71d781070>:0x0055b71d732f60>):
     5:         <%= hotel.title %>
     6:       </td>
     7:       <td>
     8:         <%= link_to 'Delete', hotel_path(hotel), method: :delete%>
     9:       </td>
    10:     </tr>
    11:   <% end %>
  
app/views/hotel/index.html.erb:8:in `block in _app_views_hotel_index_html_erb__994594554919658223_47122480920480'
app/views/hotel/index.html.erb:2:in `_app_views_hotel_index_html_erb__994594554919658223_47122480920480'
  Rendering /home/alexander/.rbenv/versions/2.4.0/lib/ruby/gems/2.4.0/gems/actionpack-5.0.2/lib/action_dispatch/middleware/templates/rescues/template_error.html.erb within rescues/layout
  Rendering /home/alexander/.rbenv/versions/2.4.0/lib/ruby/gems/2.4.0/gems/actionpack-5.0.2/lib/action_dispatch/middleware/templates/rescues/_source.html.erb
  Rendered /home/alexander/.rbenv/versions/2.4.0/lib/ruby/gems/2.4.0/gems/actionpack-5.0.2/lib/action_dispatch/middleware/templates/rescues/_source.html.erb (9.0ms)
  Rendering /home/alexander/.rbenv/versions/2.4.0/lib/ruby/gems/2.4.0/gems/actionpack-5.0.2/lib/action_dispatch/middleware/templates/rescues/_trace.html.erb
  Rendered /home/alexander/.rbenv/versions/2.4.0/lib/ruby/gems/2.4.0/gems/actionpack-5.0.2/lib/action_dispatch/middleware/templates/rescues/_trace.html.erb (2.5ms)
  Rendering /home/alexander/.rbenv/versions/2.4.0/lib/ruby/gems/2.4.0/gems/actionpack-5.0.2/lib/action_dispatch/middleware/templates/rescues/_request_and_response.html.erb
  Rendered /home/alexander/.rbenv/versions/2.4.0/lib/ruby/gems/2.4.0/gems/actionpack-5.0.2/lib/action_dispatch/middleware/templates/rescues/_request_and_response.html.erb (0.8ms)
  Rendered /home/alexander/.rbenv/versions/2.4.0/lib/ruby/gems/2.4.0/gems/actionpack-5.0.2/lib/action_dispatch/middleware/templates/rescues/template_error.html.erb within rescues/layout (40.7ms)
Started GET "/" for 127.0.0.1 at 2017-04-21 14:47:19 +0300
  
NoMethodError (undefined method `hotels' for #<ActionDispatch::Routing::Mapper:0x007feb917797d0>):
  
config/routes.rb:4:in `block in <top (required)>'
config/routes.rb:1:in `<top (required)>'
  Rendering /home/alexander/.rbenv/versions/2.4.0/lib/ruby/gems/2.4.0/gems/actionpack-5.0.2/lib/action_dispatch/middleware/templates/rescues/diagnostics.html.erb within rescues/layout
  Rendering /home/alexander/.rbenv/versions/2.4.0/lib/ruby/gems/2.4.0/gems/actionpack-5.0.2/lib/action_dispatch/middleware/templates/rescues/_source.html.erb
  Rendered /home/alexander/.rbenv/versions/2.4.0/lib/ruby/gems/2.4.0/gems/actionpack-5.0.2/lib/action_dispatch/middleware/templates/rescues/_source.html.erb (4.0ms)
  Rendering /home/alexander/.rbenv/versions/2.4.0/lib/ruby/gems/2.4.0/gems/actionpack-5.0.2/lib/action_dispatch/middleware/templates/rescues/_trace.html.erb
  Rendered /home/alexander/.rbenv/versions/2.4.0/lib/ruby/gems/2.4.0/gems/actionpack-5.0.2/lib/action_dispatch/middleware/templates/rescues/_trace.html.erb (1.9ms)
  Rendering /home/alexander/.rbenv/versions/2.4.0/lib/ruby/gems/2.4.0/gems/actionpack-5.0.2/lib/action_dispatch/middleware/templates/rescues/_request_and_response.html.erb
  Rendered /home/alexander/.rbenv/versions/2.4.0/lib/ruby/gems/2.4.0/gems/actionpack-5.0.2/lib/action_dispatch/middleware/templates/rescues/_request_and_response.html.erb (0.8ms)
  Rendered /home/alexander/.rbenv/versions/2.4.0/lib/ruby/gems/2.4.0/gems/actionpack-5.0.2/lib/action_dispatch/middleware/templates/rescues/diagnostics.html.erb within rescues/layout (25.4ms)
Started GET "/" for 127.0.0.1 at 2017-04-21 14:52:11 +0300
Processing by HotelsController#index as HTML
  Rendering hotels/index.html.erb within layouts/application
  [1m[36mHotel Load (0.3ms)[0m  [1m[34mSELECT "hotels".* FROM "hotels"[0m
  Rendered hotels/index.html.erb within layouts/application (110.6ms)
Completed 500 Internal Server Error in 123ms (ActiveRecord: 3.0ms)


  
ActionView::Template::Error (undefined method `hotel_path' for #<#<Class:0x007feb9104fd10>:0x007feb9104ebe0>):
     5:         <%= hotel.title %>
     6:       </td>
     7:       <td>
     8:         <%= link_to 'Show', hotel_path(hotel), method: :show %>
     9:       </td>
    10:       <td>
    11:         <%= link_to 'Delete', hotel_path(hotel), method: :delete %>
  
app/views/hotels/index.html.erb:8:in `block in _app_views_hotels_index_html_erb___2527223711265137351_47122472538820'
app/views/hotels/index.html.erb:2:in `_app_views_hotels_index_html_erb___2527223711265137351_47122472538820'
  Rendering /home/alexander/.rbenv/versions/2.4.0/lib/ruby/gems/2.4.0/gems/actionpack-5.0.2/lib/action_dispatch/middleware/templates/rescues/template_error.html.erb within rescues/layout
  Rendering /home/alexander/.rbenv/versions/2.4.0/lib/ruby/gems/2.4.0/gems/actionpack-5.0.2/lib/action_dispatch/middleware/templates/rescues/_source.html.erb
  Rendered /home/alexander/.rbenv/versions/2.4.0/lib/ruby/gems/2.4.0/gems/actionpack-5.0.2/lib/action_dispatch/middleware/templates/rescues/_source.html.erb (7.0ms)
  Rendering /home/alexander/.rbenv/versions/2.4.0/lib/ruby/gems/2.4.0/gems/actionpack-5.0.2/lib/action_dispatch/middleware/templates/rescues/_trace.html.erb
  Rendered /home/alexander/.rbenv/versions/2.4.0/lib/ruby/gems/2.4.0/gems/actionpack-5.0.2/lib/action_dispatch/middleware/templates/rescues/_trace.html.erb (3.1ms)
  Rendering /home/alexander/.rbenv/versions/2.4.0/lib/ruby/gems/2.4.0/gems/actionpack-5.0.2/lib/action_dispatch/middleware/templates/rescues/_request_and_response.html.erb
  Rendered /home/alexander/.rbenv/versions/2.4.0/lib/ruby/gems/2.4.0/gems/actionpack-5.0.2/lib/action_dispatch/middleware/templates/rescues/_request_and_response.html.erb (0.9ms)
  Rendered /home/alexander/.rbenv/versions/2.4.0/lib/ruby/gems/2.4.0/gems/actionpack-5.0.2/lib/action_dispatch/middleware/templates/rescues/template_error.html.erb within rescues/layout (30.3ms)
Started GET "/" for 127.0.0.1 at 2017-04-21 14:52:52 +0300
Processing by HotelsController#index as HTML
  Rendering hotels/index.html.erb within layouts/application
  [1m[36mHotel Load (0.3ms)[0m  [1m[34mSELECT "hotels".* FROM "hotels"[0m
  Rendered hotels/index.html.erb within layouts/application (131.1ms)
Completed 500 Internal Server Error in 137ms (ActiveRecord: 0.3ms)


  
ActionView::Template::Error (undefined method `hotels_path' for #<#<Class:0x0055b71ec58818>:0x0055b71ec487b0>):
     5:         <%= hotel.title %>
     6:       </td>
     7:       <td>
     8:         <%= link_to 'Show', hotels_path(hotel), method: :show %>
     9:       </td>
    10:       <td>
    11:         <%= link_to 'Delete', hotels_path(hotel), method: :delete %>
  
app/views/hotels/index.html.erb:8:in `block in _app_views_hotels_index_html_erb___2527223711265137351_47122491820540'
app/views/hotels/index.html.erb:2:in `_app_views_hotels_index_html_erb___2527223711265137351_47122491820540'
  Rendering /home/alexander/.rbenv/versions/2.4.0/lib/ruby/gems/2.4.0/gems/actionpack-5.0.2/lib/action_dispatch/middleware/templates/rescues/template_error.html.erb within rescues/layout
  Rendering /home/alexander/.rbenv/versions/2.4.0/lib/ruby/gems/2.4.0/gems/actionpack-5.0.2/lib/action_dispatch/middleware/templates/rescues/_source.html.erb
  Rendered /home/alexander/.rbenv/versions/2.4.0/lib/ruby/gems/2.4.0/gems/actionpack-5.0.2/lib/action_dispatch/middleware/templates/rescues/_source.html.erb (7.9ms)
  Rendering /home/alexander/.rbenv/versions/2.4.0/lib/ruby/gems/2.4.0/gems/actionpack-5.0.2/lib/action_dispatch/middleware/templates/rescues/_trace.html.erb
  Rendered /home/alexander/.rbenv/versions/2.4.0/lib/ruby/gems/2.4.0/gems/actionpack-5.0.2/lib/action_dispatch/middleware/templates/rescues/_trace.html.erb (2.3ms)
  Rendering /home/alexander/.rbenv/versions/2.4.0/lib/ruby/gems/2.4.0/gems/actionpack-5.0.2/lib/action_dispatch/middleware/templates/rescues/_request_and_response.html.erb
  Rendered /home/alexander/.rbenv/versions/2.4.0/lib/ruby/gems/2.4.0/gems/actionpack-5.0.2/lib/action_dispatch/middleware/templates/rescues/_request_and_response.html.erb (1.2ms)
  Rendered /home/alexander/.rbenv/versions/2.4.0/lib/ruby/gems/2.4.0/gems/actionpack-5.0.2/lib/action_dispatch/middleware/templates/rescues/template_error.html.erb within rescues/layout (29.5ms)
Started GET "/" for 127.0.0.1 at 2017-04-21 15:00:49 +0300
Processing by HotelsController#index as HTML
  Rendering hotels/index.html.erb within layouts/application
  [1m[36mHotel Load (0.3ms)[0m  [1m[34mSELECT "hotels".* FROM "hotels"[0m
  Rendered hotels/index.html.erb within layouts/application (8.6ms)
Completed 200 OK in 306ms (Views: 302.5ms | ActiveRecord: 0.3ms)


Started POST "/hotels.1" for 127.0.0.1 at 2017-04-21 15:02:15 +0300
Processing by HotelsController#create as 
  Parameters: {"authenticity_token"=>"wcnKPhte8Rwj1MJCjneLyYA6AitdrCUhG4nbQGLHq5VoQ4ScydU75knTkgX2+LTReP4vCmSYGEuIQfT4hh61TA=="}
No template found for HotelsController#create, rendering head :no_content
Completed 204 No Content in 16ms (ActiveRecord: 0.0ms)


Started POST "/hotels.1" for 127.0.0.1 at 2017-04-21 15:02:17 +0300
Processing by HotelsController#create as 
  Parameters: {"authenticity_token"=>"wcnKPhte8Rwj1MJCjneLyYA6AitdrCUhG4nbQGLHq5VoQ4ScydU75knTkgX2+LTReP4vCmSYGEuIQfT4hh61TA=="}
No template found for HotelsController#create, rendering head :no_content
Completed 204 No Content in 20ms (ActiveRecord: 0.0ms)


Started GET "/" for 127.0.0.1 at 2017-04-21 15:02:24 +0300
Processing by HotelsController#index as HTML
  Rendering hotels/index.html.erb within layouts/application
  [1m[36mHotel Load (0.6ms)[0m  [1m[34mSELECT "hotels".* FROM "hotels"[0m
  Rendered hotels/index.html.erb within layouts/application (2.7ms)
Completed 200 OK in 21ms (Views: 19.6ms | ActiveRecord: 0.6ms)


Started POST "/hotels.1" for 127.0.0.1 at 2017-04-21 15:02:26 +0300
Processing by HotelsController#create as 
  Parameters: {"authenticity_token"=>"NYpI8kNzEk3HgQQzsYerPAtWhkT496TO3FVFMIdnU3acAAZQkfjYt62GVHTJCJQk85KrZcHDmaRPnWqIY75Nrw=="}
No template found for HotelsController#create, rendering head :no_content
Completed 204 No Content in 19ms (ActiveRecord: 0.0ms)


Started POST "/hotels.1" for 127.0.0.1 at 2017-04-21 15:02:28 +0300
Processing by HotelsController#create as 
  Parameters: {"authenticity_token"=>"NYpI8kNzEk3HgQQzsYerPAtWhkT496TO3FVFMIdnU3acAAZQkfjYt62GVHTJCJQk85KrZcHDmaRPnWqIY75Nrw=="}
No template found for HotelsController#create, rendering head :no_content
Completed 204 No Content in 26ms (ActiveRecord: 0.0ms)


Started GET "/" for 127.0.0.1 at 2017-04-21 15:02:43 +0300
Processing by HotelsController#index as HTML
  Rendering hotels/index.html.erb within layouts/application
  [1m[36mHotel Load (0.5ms)[0m  [1m[34mSELECT "hotels".* FROM "hotels"[0m
  Rendered hotels/index.html.erb within layouts/application (2.1ms)
Completed 200 OK in 21ms (Views: 19.2ms | ActiveRecord: 0.5ms)


Started POST "/hotels/1" for 127.0.0.1 at 2017-04-21 15:02:45 +0300
  
ActionController::RoutingError (No route matches [POST] "/hotels/1"):
  
actionpack (5.0.2) lib/action_dispatch/middleware/debug_exceptions.rb:53:in `call'
web-console (3.5.0) lib/web_console/middleware.rb:135:in `call_app'
web-console (3.5.0) lib/web_console/middleware.rb:28:in `block in call'
web-console (3.5.0) lib/web_console/middleware.rb:18:in `catch'
web-console (3.5.0) lib/web_console/middleware.rb:18:in `call'
actionpack (5.0.2) lib/action_dispatch/middleware/show_exceptions.rb:31:in `call'
railties (5.0.2) lib/rails/rack/logger.rb:36:in `call_app'
railties (5.0.2) lib/rails/rack/logger.rb:24:in `block in call'
activesupport (5.0.2) lib/active_support/tagged_logging.rb:69:in `block in tagged'
activesupport (5.0.2) lib/active_support/tagged_logging.rb:26:in `tagged'
activesupport (5.0.2) lib/active_support/tagged_logging.rb:69:in `tagged'
railties (5.0.2) lib/rails/rack/logger.rb:24:in `call'
sprockets-rails (3.2.0) lib/sprockets/rails/quiet_assets.rb:13:in `call'
actionpack (5.0.2) lib/action_dispatch/middleware/request_id.rb:24:in `call'
rack (2.0.1) lib/rack/method_override.rb:22:in `call'
rack (2.0.1) lib/rack/runtime.rb:22:in `call'
activesupport (5.0.2) lib/active_support/cache/strategy/local_cache_middleware.rb:28:in `call'
actionpack (5.0.2) lib/action_dispatch/middleware/executor.rb:12:in `call'
actionpack (5.0.2) lib/action_dispatch/middleware/static.rb:136:in `call'
rack (2.0.1) lib/rack/sendfile.rb:111:in `call'
railties (5.0.2) lib/rails/engine.rb:522:in `call'
puma (3.8.2) lib/puma/configuration.rb:224:in `call'
puma (3.8.2) lib/puma/server.rb:600:in `handle_request'
puma (3.8.2) lib/puma/server.rb:435:in `process_client'
puma (3.8.2) lib/puma/server.rb:299:in `block in run'
puma (3.8.2) lib/puma/thread_pool.rb:120:in `block in spawn_thread'
  Rendering /home/alexander/.rbenv/versions/2.4.0/lib/ruby/gems/2.4.0/gems/actionpack-5.0.2/lib/action_dispatch/middleware/templates/rescues/routing_error.html.erb within rescues/layout
  Rendering /home/alexander/.rbenv/versions/2.4.0/lib/ruby/gems/2.4.0/gems/actionpack-5.0.2/lib/action_dispatch/middleware/templates/rescues/_trace.html.erb
  Rendered /home/alexander/.rbenv/versions/2.4.0/lib/ruby/gems/2.4.0/gems/actionpack-5.0.2/lib/action_dispatch/middleware/templates/rescues/_trace.html.erb (1.3ms)
  Rendered collection of /home/alexander/.rbenv/versions/2.4.0/lib/ruby/gems/2.4.0/gems/actionpack-5.0.2/lib/action_dispatch/middleware/templates/routes/_route.html.erb [8 times] (14.6ms)
  Rendered /home/alexander/.rbenv/versions/2.4.0/lib/ruby/gems/2.4.0/gems/actionpack-5.0.2/lib/action_dispatch/middleware/templates/routes/_table.html.erb (27.8ms)
  Rendering /home/alexander/.rbenv/versions/2.4.0/lib/ruby/gems/2.4.0/gems/actionpack-5.0.2/lib/action_dispatch/middleware/templates/rescues/_request_and_response.html.erb
  Rendered /home/alexander/.rbenv/versions/2.4.0/lib/ruby/gems/2.4.0/gems/actionpack-5.0.2/lib/action_dispatch/middleware/templates/rescues/_request_and_response.html.erb (1.2ms)
  Rendered /home/alexander/.rbenv/versions/2.4.0/lib/ruby/gems/2.4.0/gems/actionpack-5.0.2/lib/action_dispatch/middleware/templates/rescues/routing_error.html.erb within rescues/layout (87.1ms)
Started GET "/" for 127.0.0.1 at 2017-04-21 15:05:01 +0300
Processing by HotelsController#index as HTML
  Rendering hotels/index.html.erb within layouts/application
  [1m[36mHotel Load (0.5ms)[0m  [1m[34mSELECT "hotels".* FROM "hotels"[0m
  Rendered hotels/index.html.erb within layouts/application (1.8ms)
Completed 200 OK in 17ms (Views: 15.1ms | ActiveRecord: 0.5ms)


Started GET "/hotels/1" for 127.0.0.1 at 2017-04-21 15:05:02 +0300
Processing by HotelsController#show as HTML
  Parameters: {"id"=>"1"}
  [1m[36mHotel Load (0.3ms)[0m  [1m[34mSELECT  "hotels".* FROM "hotels" WHERE "hotels"."id" = $1 LIMIT $2[0m  [["id", 1], ["LIMIT", 1]]
  Rendering hotels/show.html.erb within layouts/application
  Rendered hotels/show.html.erb within layouts/application (0.7ms)
Completed 200 OK in 43ms (Views: 22.1ms | ActiveRecord: 0.5ms)


Started GET "/hotels/1" for 127.0.0.1 at 2017-04-21 15:15:07 +0300
Processing by HotelsController#show as HTML
  Parameters: {"id"=>"1"}
  [1m[36mHotel Load (0.9ms)[0m  [1m[34mSELECT  "hotels".* FROM "hotels" WHERE "hotels"."id" = $1 LIMIT $2[0m  [["id", 1], ["LIMIT", 1]]
  Rendering hotels/show.html.erb within layouts/application
  Rendered hotels/show.html.erb within layouts/application (0.6ms)
Completed 200 OK in 24ms (Views: 20.2ms | ActiveRecord: 0.9ms)


Started GET "/" for 127.0.0.1 at 2017-04-21 15:42:16 +0300
Processing by HotelsController#index as HTML
  Rendering hotels/index.html.erb within layouts/application
  Rendered hotels/index.html.erb within layouts/application (1.2ms)
Completed 500 Internal Server Error in 9ms (ActiveRecord: 0.0ms)


  
SyntaxError (/home/alexander/HotelAdvisor/app/views/hotels/index.html.erb:1: syntax error, unexpected ')'
pend=( limk_to 'Add hotel',  );@output_buffer.safe_append='<
                              ^
/home/alexander/HotelAdvisor/app/views/hotels/index.html.erb:3: syntax error, unexpected keyword_do_block, expecting ')'
'.freeze;   @hotels.each do |hotel| 
                           ^
/home/alexander/HotelAdvisor/app/views/hotels/index.html.erb:15: syntax error, unexpected keyword_end, expecting ')'
'.freeze;   end 
               ^
/home/alexander/HotelAdvisor/app/views/hotels/index.html.erb:17: syntax error, unexpected keyword_ensure, expecting ')'
          ensure
                ^
/home/alexander/HotelAdvisor/app/views/hotels/index.html.erb:19: syntax error, unexpected keyword_end, expecting ')'
          end
             ^):
  
app/views/hotels/index.html.erb:1: syntax error, unexpected ')'
app/views/hotels/index.html.erb:3: syntax error, unexpected keyword_do_block, expecting ')'
app/views/hotels/index.html.erb:15: syntax error, unexpected keyword_end, expecting ')'
app/views/hotels/index.html.erb:17: syntax error, unexpected keyword_ensure, expecting ')'
app/views/hotels/index.html.erb:19: syntax error, unexpected keyword_end, expecting ')'
  Rendering /home/alexander/.rbenv/versions/2.4.0/lib/ruby/gems/2.4.0/gems/actionpack-5.0.2/lib/action_dispatch/middleware/templates/rescues/diagnostics.html.erb within rescues/layout
  Rendering /home/alexander/.rbenv/versions/2.4.0/lib/ruby/gems/2.4.0/gems/actionpack-5.0.2/lib/action_dispatch/middleware/templates/rescues/_source.html.erb
  Rendered /home/alexander/.rbenv/versions/2.4.0/lib/ruby/gems/2.4.0/gems/actionpack-5.0.2/lib/action_dispatch/middleware/templates/rescues/_source.html.erb (6.4ms)
  Rendering /home/alexander/.rbenv/versions/2.4.0/lib/ruby/gems/2.4.0/gems/actionpack-5.0.2/lib/action_dispatch/middleware/templates/rescues/_trace.html.erb
  Rendered /home/alexander/.rbenv/versions/2.4.0/lib/ruby/gems/2.4.0/gems/actionpack-5.0.2/lib/action_dispatch/middleware/templates/rescues/_trace.html.erb (2.5ms)
  Rendering /home/alexander/.rbenv/versions/2.4.0/lib/ruby/gems/2.4.0/gems/actionpack-5.0.2/lib/action_dispatch/middleware/templates/rescues/_request_and_response.html.erb
  Rendered /home/alexander/.rbenv/versions/2.4.0/lib/ruby/gems/2.4.0/gems/actionpack-5.0.2/lib/action_dispatch/middleware/templates/rescues/_request_and_response.html.erb (0.8ms)
  Rendered /home/alexander/.rbenv/versions/2.4.0/lib/ruby/gems/2.4.0/gems/actionpack-5.0.2/lib/action_dispatch/middleware/templates/rescues/diagnostics.html.erb within rescues/layout (27.7ms)
Started GET "/" for 127.0.0.1 at 2017-04-21 15:45:59 +0300
Processing by HotelsController#index as HTML
  Rendering hotels/index.html.erb within layouts/application
  [1m[36mHotel Load (0.4ms)[0m  [1m[34mSELECT "hotels".* FROM "hotels"[0m
  Rendered hotels/index.html.erb within layouts/application (119.2ms)
Completed 500 Internal Server Error in 123ms (ActiveRecord: 7.1ms)


  
ActionView::Template::Error (undefined method `limk_to' for #<#<Class:0x007feb840656b8>:0x007feb992a9ec8>
Did you mean?  link_to):
    1: <h3><%= limk_to 'Add hotel', new_hotel_path %></h3>
    2: <table border="1">
    3:   <% @hotels.each do |hotel| %>
    4:     <tr>
  
app/views/hotels/index.html.erb:1:in `_app_views_hotels_index_html_erb___2527223711265137351_70324931877840'
  Rendering /home/alexander/.rbenv/versions/2.4.0/lib/ruby/gems/2.4.0/gems/actionpack-5.0.2/lib/action_dispatch/middleware/templates/rescues/template_error.html.erb within rescues/layout
  Rendering /home/alexander/.rbenv/versions/2.4.0/lib/ruby/gems/2.4.0/gems/actionpack-5.0.2/lib/action_dispatch/middleware/templates/rescues/_source.html.erb
  Rendered /home/alexander/.rbenv/versions/2.4.0/lib/ruby/gems/2.4.0/gems/actionpack-5.0.2/lib/action_dispatch/middleware/templates/rescues/_source.html.erb (12.0ms)
  Rendering /home/alexander/.rbenv/versions/2.4.0/lib/ruby/gems/2.4.0/gems/actionpack-5.0.2/lib/action_dispatch/middleware/templates/rescues/_trace.html.erb
  Rendered /home/alexander/.rbenv/versions/2.4.0/lib/ruby/gems/2.4.0/gems/actionpack-5.0.2/lib/action_dispatch/middleware/templates/rescues/_trace.html.erb (2.4ms)
  Rendering /home/alexander/.rbenv/versions/2.4.0/lib/ruby/gems/2.4.0/gems/actionpack-5.0.2/lib/action_dispatch/middleware/templates/rescues/_request_and_response.html.erb
  Rendered /home/alexander/.rbenv/versions/2.4.0/lib/ruby/gems/2.4.0/gems/actionpack-5.0.2/lib/action_dispatch/middleware/templates/rescues/_request_and_response.html.erb (1.4ms)
  Rendered /home/alexander/.rbenv/versions/2.4.0/lib/ruby/gems/2.4.0/gems/actionpack-5.0.2/lib/action_dispatch/middleware/templates/rescues/template_error.html.erb within rescues/layout (35.2ms)
Started GET "/" for 127.0.0.1 at 2017-04-21 15:46:25 +0300
Processing by HotelsController#index as HTML
  Rendering hotels/index.html.erb within layouts/application
  [1m[36mHotel Load (0.5ms)[0m  [1m[34mSELECT "hotels".* FROM "hotels"[0m
  Rendered hotels/index.html.erb within layouts/application (2.9ms)
Completed 200 OK in 26ms (Views: 24.0ms | ActiveRecord: 0.5ms)


Started GET "/hotels/1" for 127.0.0.1 at 2017-04-21 15:46:28 +0300
Processing by HotelsController#show as HTML
  Parameters: {"id"=>"1"}
  [1m[36mHotel Load (0.2ms)[0m  [1m[34mSELECT  "hotels".* FROM "hotels" WHERE "hotels"."id" = $1 LIMIT $2[0m  [["id", 1], ["LIMIT", 1]]
  Rendering hotels/show.html.erb within layouts/application
  Rendered hotels/show.html.erb within layouts/application (0.7ms)
Completed 200 OK in 27ms (Views: 24.0ms | ActiveRecord: 0.4ms)


Started GET "/hotels/new" for 127.0.0.1 at 2017-04-21 15:46:33 +0300
Processing by HotelsController#new as HTML
  Rendering hotels/new.html.erb within layouts/application
  Rendered hotels/new.html.erb within layouts/application (0.7ms)
Completed 500 Internal Server Error in 3ms (ActiveRecord: 0.0ms)


  
SyntaxError (/home/alexander/HotelAdvisor/app/views/hotels/new.html.erb:9: syntax error, unexpected '='
( f.submit "Add hotel", class="btn btn-primary" );@output_bu
                              ^):
  
app/views/hotels/new.html.erb:9: syntax error, unexpected '='
  Rendering /home/alexander/.rbenv/versions/2.4.0/lib/ruby/gems/2.4.0/gems/actionpack-5.0.2/lib/action_dispatch/middleware/templates/rescues/diagnostics.html.erb within rescues/layout
  Rendering /home/alexander/.rbenv/versions/2.4.0/lib/ruby/gems/2.4.0/gems/actionpack-5.0.2/lib/action_dispatch/middleware/templates/rescues/_source.html.erb
  Rendered /home/alexander/.rbenv/versions/2.4.0/lib/ruby/gems/2.4.0/gems/actionpack-5.0.2/lib/action_dispatch/middleware/templates/rescues/_source.html.erb (6.3ms)
  Rendering /home/alexander/.rbenv/versions/2.4.0/lib/ruby/gems/2.4.0/gems/actionpack-5.0.2/lib/action_dispatch/middleware/templates/rescues/_trace.html.erb
  Rendered /home/alexander/.rbenv/versions/2.4.0/lib/ruby/gems/2.4.0/gems/actionpack-5.0.2/lib/action_dispatch/middleware/templates/rescues/_trace.html.erb (2.4ms)
  Rendering /home/alexander/.rbenv/versions/2.4.0/lib/ruby/gems/2.4.0/gems/actionpack-5.0.2/lib/action_dispatch/middleware/templates/rescues/_request_and_response.html.erb
  Rendered /home/alexander/.rbenv/versions/2.4.0/lib/ruby/gems/2.4.0/gems/actionpack-5.0.2/lib/action_dispatch/middleware/templates/rescues/_request_and_response.html.erb (0.8ms)
  Rendered /home/alexander/.rbenv/versions/2.4.0/lib/ruby/gems/2.4.0/gems/actionpack-5.0.2/lib/action_dispatch/middleware/templates/rescues/diagnostics.html.erb within rescues/layout (28.5ms)
Started GET "/hotels/new" for 127.0.0.1 at 2017-04-21 15:48:30 +0300
Processing by HotelsController#new as HTML
  Rendering hotels/new.html.erb within layouts/application
  Rendered hotels/new.html.erb within layouts/application (2.7ms)
Completed 200 OK in 27ms (Views: 25.5ms | ActiveRecord: 0.0ms)


Started POST "/hotels" for 127.0.0.1 at 2017-04-21 15:48:50 +0300
Processing by HotelsController#create as HTML
  Parameters: {"utf8"=>"✓", "authenticity_token"=>"iCJUboDZXUx8ZW2e8yq2Q3ZgpgNtYRHc9iBwkGQQ6A8hqBrMUlKXthZiPdmLpYlbjqSLIlRVLLZl6F8ogMn21g==", "hotel"=>{"title"=>"dfsdf", "star_rating"=>"11", "breakfast_included"=>"sdfdsf", "room_description"=>"sdfsdf", "price_for_room"=>"sdfdfs", "address"=>"sdffds"}, "commit"=>"Add hotel"}
Completed 500 Internal Server Error in 1ms (ActiveRecord: 0.0ms)


  
ActiveModel::ForbiddenAttributesError (ActiveModel::ForbiddenAttributesError):
  
app/controllers/hotels_controller.rb:16:in `create'
  Rendering /home/alexander/.rbenv/versions/2.4.0/lib/ruby/gems/2.4.0/gems/actionpack-5.0.2/lib/action_dispatch/middleware/templates/rescues/diagnostics.html.erb within rescues/layout
  Rendering /home/alexander/.rbenv/versions/2.4.0/lib/ruby/gems/2.4.0/gems/actionpack-5.0.2/lib/action_dispatch/middleware/templates/rescues/_source.html.erb
  Rendered /home/alexander/.rbenv/versions/2.4.0/lib/ruby/gems/2.4.0/gems/actionpack-5.0.2/lib/action_dispatch/middleware/templates/rescues/_source.html.erb (4.2ms)
  Rendering /home/alexander/.rbenv/versions/2.4.0/lib/ruby/gems/2.4.0/gems/actionpack-5.0.2/lib/action_dispatch/middleware/templates/rescues/_trace.html.erb
  Rendered /home/alexander/.rbenv/versions/2.4.0/lib/ruby/gems/2.4.0/gems/actionpack-5.0.2/lib/action_dispatch/middleware/templates/rescues/_trace.html.erb (2.7ms)
  Rendering /home/alexander/.rbenv/versions/2.4.0/lib/ruby/gems/2.4.0/gems/actionpack-5.0.2/lib/action_dispatch/middleware/templates/rescues/_request_and_response.html.erb
  Rendered /home/alexander/.rbenv/versions/2.4.0/lib/ruby/gems/2.4.0/gems/actionpack-5.0.2/lib/action_dispatch/middleware/templates/rescues/_request_and_response.html.erb (1.2ms)
  Rendered /home/alexander/.rbenv/versions/2.4.0/lib/ruby/gems/2.4.0/gems/actionpack-5.0.2/lib/action_dispatch/middleware/templates/rescues/diagnostics.html.erb within rescues/layout (26.2ms)
Started GET "/" for 127.0.0.1 at 2017-04-21 15:49:13 +0300
Processing by HotelsController#index as HTML
  Rendering hotels/index.html.erb within layouts/application
  [1m[36mHotel Load (0.4ms)[0m  [1m[34mSELECT "hotels".* FROM "hotels"[0m
  Rendered hotels/index.html.erb within layouts/application (2.4ms)
Completed 200 OK in 23ms (Views: 21.3ms | ActiveRecord: 0.4ms)


Started GET "/hotels/1/edit" for 127.0.0.1 at 2017-04-21 15:49:15 +0300
Processing by HotelsController#edit as HTML
  Parameters: {"id"=>"1"}
  [1m[36mHotel Load (1.2ms)[0m  [1m[34mSELECT  "hotels".* FROM "hotels" WHERE "hotels"."id" = $1 LIMIT $2[0m  [["id", 1], ["LIMIT", 1]]
  Rendering hotels/edit.html.erb within layouts/application
  Rendered hotels/edit.html.erb within layouts/application (3.4ms)
Completed 200 OK in 33ms (Views: 30.2ms | ActiveRecord: 1.2ms)


Started PATCH "/hotels/1" for 127.0.0.1 at 2017-04-21 15:49:19 +0300
Processing by HotelsController#update as HTML
  Parameters: {"utf8"=>"✓", "authenticity_token"=>"7CIXsxc2vCWBhVjTxiPB2Xzf0EI5fedpT+rc17H9Jy35C+mcSfN9vuG5gmVQjoUJipm8PqtG9ORDtLtDQyzdLA==", "hotel"=>{"title"=>"Nikita", "star_rating"=>"5", "breakfast_included"=>"yes", "room_description"=>"Some dicription", "price_for_room"=>"10", "address"=>"Sevastopol sity"}, "commit"=>"Edit hotel", "id"=>"1"}
  [1m[36mHotel Load (0.5ms)[0m  [1m[34mSELECT  "hotels".* FROM "hotels" WHERE "hotels"."id" = $1 LIMIT $2[0m  [["id", 1], ["LIMIT", 1]]
  [1m[35m (0.2ms)[0m  [1m[35mBEGIN[0m
  [1m[35m (0.1ms)[0m  [1m[35mCOMMIT[0m
Redirected to http://localhost:3000/hotels
Completed 302 Found in 5ms (ActiveRecord: 0.8ms)


Started GET "/hotels" for 127.0.0.1 at 2017-04-21 15:49:20 +0300
  
ActionController::RoutingError (No route matches [GET] "/hotels"):
  
actionpack (5.0.2) lib/action_dispatch/middleware/debug_exceptions.rb:53:in `call'
web-console (3.5.0) lib/web_console/middleware.rb:135:in `call_app'
web-console (3.5.0) lib/web_console/middleware.rb:28:in `block in call'
web-console (3.5.0) lib/web_console/middleware.rb:18:in `catch'
web-console (3.5.0) lib/web_console/middleware.rb:18:in `call'
actionpack (5.0.2) lib/action_dispatch/middleware/show_exceptions.rb:31:in `call'
railties (5.0.2) lib/rails/rack/logger.rb:36:in `call_app'
railties (5.0.2) lib/rails/rack/logger.rb:24:in `block in call'
activesupport (5.0.2) lib/active_support/tagged_logging.rb:69:in `block in tagged'
activesupport (5.0.2) lib/active_support/tagged_logging.rb:26:in `tagged'
activesupport (5.0.2) lib/active_support/tagged_logging.rb:69:in `tagged'
railties (5.0.2) lib/rails/rack/logger.rb:24:in `call'
sprockets-rails (3.2.0) lib/sprockets/rails/quiet_assets.rb:13:in `call'
actionpack (5.0.2) lib/action_dispatch/middleware/request_id.rb:24:in `call'
rack (2.0.1) lib/rack/method_override.rb:22:in `call'
rack (2.0.1) lib/rack/runtime.rb:22:in `call'
activesupport (5.0.2) lib/active_support/cache/strategy/local_cache_middleware.rb:28:in `call'
actionpack (5.0.2) lib/action_dispatch/middleware/executor.rb:12:in `call'
actionpack (5.0.2) lib/action_dispatch/middleware/static.rb:136:in `call'
rack (2.0.1) lib/rack/sendfile.rb:111:in `call'
railties (5.0.2) lib/rails/engine.rb:522:in `call'
puma (3.8.2) lib/puma/configuration.rb:224:in `call'
puma (3.8.2) lib/puma/server.rb:600:in `handle_request'
puma (3.8.2) lib/puma/server.rb:435:in `process_client'
puma (3.8.2) lib/puma/server.rb:299:in `block in run'
puma (3.8.2) lib/puma/thread_pool.rb:120:in `block in spawn_thread'
  Rendering /home/alexander/.rbenv/versions/2.4.0/lib/ruby/gems/2.4.0/gems/actionpack-5.0.2/lib/action_dispatch/middleware/templates/rescues/routing_error.html.erb within rescues/layout
  Rendering /home/alexander/.rbenv/versions/2.4.0/lib/ruby/gems/2.4.0/gems/actionpack-5.0.2/lib/action_dispatch/middleware/templates/rescues/_trace.html.erb
  Rendered /home/alexander/.rbenv/versions/2.4.0/lib/ruby/gems/2.4.0/gems/actionpack-5.0.2/lib/action_dispatch/middleware/templates/rescues/_trace.html.erb (1.5ms)
  Rendered collection of /home/alexander/.rbenv/versions/2.4.0/lib/ruby/gems/2.4.0/gems/actionpack-5.0.2/lib/action_dispatch/middleware/templates/routes/_route.html.erb [8 times] (3.4ms)
  Rendered /home/alexander/.rbenv/versions/2.4.0/lib/ruby/gems/2.4.0/gems/actionpack-5.0.2/lib/action_dispatch/middleware/templates/routes/_table.html.erb (1.1ms)
  Rendering /home/alexander/.rbenv/versions/2.4.0/lib/ruby/gems/2.4.0/gems/actionpack-5.0.2/lib/action_dispatch/middleware/templates/rescues/_request_and_response.html.erb
  Rendered /home/alexander/.rbenv/versions/2.4.0/lib/ruby/gems/2.4.0/gems/actionpack-5.0.2/lib/action_dispatch/middleware/templates/rescues/_request_and_response.html.erb (0.9ms)
  Rendered /home/alexander/.rbenv/versions/2.4.0/lib/ruby/gems/2.4.0/gems/actionpack-5.0.2/lib/action_dispatch/middleware/templates/rescues/routing_error.html.erb within rescues/layout (30.4ms)
Started GET "/hotels/1/edit" for 127.0.0.1 at 2017-04-21 15:51:18 +0300
Processing by HotelsController#edit as HTML
  Parameters: {"id"=>"1"}
  [1m[36mHotel Load (0.3ms)[0m  [1m[34mSELECT  "hotels".* FROM "hotels" WHERE "hotels"."id" = $1 LIMIT $2[0m  [["id", 1], ["LIMIT", 1]]
  Rendering hotels/edit.html.erb within layouts/application
  Rendered hotels/edit.html.erb within layouts/application (1.5ms)
Completed 200 OK in 22ms (Views: 20.1ms | ActiveRecord: 0.3ms)


Started PATCH "/hotels/1" for 127.0.0.1 at 2017-04-21 15:51:41 +0300
Processing by HotelsController#update as HTML
  Parameters: {"utf8"=>"✓", "authenticity_token"=>"TCttKOZ2yMncenDHHSDgQM3QDu2hNe6ofsQ56Edl+rVZApMHuLMJUrxGqnGLjaSQO5ZikTMO/SVyml58tbQAtA==", "hotel"=>{"title"=>"Nikita", "star_rating"=>"5", "breakfast_included"=>"yes", "room_description"=>"Some dicription", "price_for_room"=>"10", "address"=>"Sevastopol sity"}, "commit"=>"Edit hotel", "id"=>"1"}
  [1m[36mHotel Load (0.3ms)[0m  [1m[34mSELECT  "hotels".* FROM "hotels" WHERE "hotels"."id" = $1 LIMIT $2[0m  [["id", 1], ["LIMIT", 1]]
  [1m[35m (0.1ms)[0m  [1m[35mBEGIN[0m
  [1m[35m (0.1ms)[0m  [1m[35mCOMMIT[0m
Redirected to http://localhost:3000/hotels
Completed 302 Found in 2ms (ActiveRecord: 0.4ms)


Started GET "/hotels" for 127.0.0.1 at 2017-04-21 15:51:41 +0300
  
ActionController::RoutingError (No route matches [GET] "/hotels"):
  
actionpack (5.0.2) lib/action_dispatch/middleware/debug_exceptions.rb:53:in `call'
web-console (3.5.0) lib/web_console/middleware.rb:135:in `call_app'
web-console (3.5.0) lib/web_console/middleware.rb:28:in `block in call'
web-console (3.5.0) lib/web_console/middleware.rb:18:in `catch'
web-console (3.5.0) lib/web_console/middleware.rb:18:in `call'
actionpack (5.0.2) lib/action_dispatch/middleware/show_exceptions.rb:31:in `call'
railties (5.0.2) lib/rails/rack/logger.rb:36:in `call_app'
railties (5.0.2) lib/rails/rack/logger.rb:24:in `block in call'
activesupport (5.0.2) lib/active_support/tagged_logging.rb:69:in `block in tagged'
activesupport (5.0.2) lib/active_support/tagged_logging.rb:26:in `tagged'
activesupport (5.0.2) lib/active_support/tagged_logging.rb:69:in `tagged'
railties (5.0.2) lib/rails/rack/logger.rb:24:in `call'
sprockets-rails (3.2.0) lib/sprockets/rails/quiet_assets.rb:13:in `call'
actionpack (5.0.2) lib/action_dispatch/middleware/request_id.rb:24:in `call'
rack (2.0.1) lib/rack/method_override.rb:22:in `call'
rack (2.0.1) lib/rack/runtime.rb:22:in `call'
activesupport (5.0.2) lib/active_support/cache/strategy/local_cache_middleware.rb:28:in `call'
actionpack (5.0.2) lib/action_dispatch/middleware/executor.rb:12:in `call'
actionpack (5.0.2) lib/action_dispatch/middleware/static.rb:136:in `call'
rack (2.0.1) lib/rack/sendfile.rb:111:in `call'
railties (5.0.2) lib/rails/engine.rb:522:in `call'
puma (3.8.2) lib/puma/configuration.rb:224:in `call'
puma (3.8.2) lib/puma/server.rb:600:in `handle_request'
puma (3.8.2) lib/puma/server.rb:435:in `process_client'
puma (3.8.2) lib/puma/server.rb:299:in `block in run'
puma (3.8.2) lib/puma/thread_pool.rb:120:in `block in spawn_thread'
  Rendering /home/alexander/.rbenv/versions/2.4.0/lib/ruby/gems/2.4.0/gems/actionpack-5.0.2/lib/action_dispatch/middleware/templates/rescues/routing_error.html.erb within rescues/layout
  Rendering /home/alexander/.rbenv/versions/2.4.0/lib/ruby/gems/2.4.0/gems/actionpack-5.0.2/lib/action_dispatch/middleware/templates/rescues/_trace.html.erb
  Rendered /home/alexander/.rbenv/versions/2.4.0/lib/ruby/gems/2.4.0/gems/actionpack-5.0.2/lib/action_dispatch/middleware/templates/rescues/_trace.html.erb (1.3ms)
  Rendered collection of /home/alexander/.rbenv/versions/2.4.0/lib/ruby/gems/2.4.0/gems/actionpack-5.0.2/lib/action_dispatch/middleware/templates/routes/_route.html.erb [8 times] (2.7ms)
  Rendered /home/alexander/.rbenv/versions/2.4.0/lib/ruby/gems/2.4.0/gems/actionpack-5.0.2/lib/action_dispatch/middleware/templates/routes/_table.html.erb (1.1ms)
  Rendering /home/alexander/.rbenv/versions/2.4.0/lib/ruby/gems/2.4.0/gems/actionpack-5.0.2/lib/action_dispatch/middleware/templates/rescues/_request_and_response.html.erb
  Rendered /home/alexander/.rbenv/versions/2.4.0/lib/ruby/gems/2.4.0/gems/actionpack-5.0.2/lib/action_dispatch/middleware/templates/rescues/_request_and_response.html.erb (1.1ms)
  Rendered /home/alexander/.rbenv/versions/2.4.0/lib/ruby/gems/2.4.0/gems/actionpack-5.0.2/lib/action_dispatch/middleware/templates/rescues/routing_error.html.erb within rescues/layout (29.8ms)
Started GET "/hotels/new" for 127.0.0.1 at 2017-04-21 15:59:20 +0300
Processing by HotelsController#new as HTML
  Rendering hotels/new.html.erb within layouts/application
  Rendered hotels/new.html.erb within layouts/application (2.0ms)
Completed 200 OK in 27ms (Views: 25.9ms | ActiveRecord: 0.0ms)


Started GET "/hotels/1" for 127.0.0.1 at 2017-04-21 15:59:24 +0300
Processing by HotelsController#show as HTML
  Parameters: {"id"=>"1"}
  [1m[36mHotel Load (0.5ms)[0m  [1m[34mSELECT  "hotels".* FROM "hotels" WHERE "hotels"."id" = $1 LIMIT $2[0m  [["id", 1], ["LIMIT", 1]]
  Rendering hotels/show.html.erb within layouts/application
  Rendered hotels/show.html.erb within layouts/application (1.0ms)
Completed 200 OK in 34ms (Views: 30.1ms | ActiveRecord: 0.9ms)


Started GET "/hotels/1/edit" for 127.0.0.1 at 2017-04-21 15:59:30 +0300
Processing by HotelsController#edit as HTML
  Parameters: {"id"=>"1"}
  [1m[36mHotel Load (0.5ms)[0m  [1m[34mSELECT  "hotels".* FROM "hotels" WHERE "hotels"."id" = $1 LIMIT $2[0m  [["id", 1], ["LIMIT", 1]]
  Rendering hotels/edit.html.erb within layouts/application
  Rendered hotels/edit.html.erb within layouts/application (2.9ms)
Completed 200 OK in 28ms (Views: 26.0ms | ActiveRecord: 0.5ms)


Started PATCH "/hotels/1" for 127.0.0.1 at 2017-04-21 15:59:34 +0300
Processing by HotelsController#update as HTML
  Parameters: {"utf8"=>"✓", "authenticity_token"=>"PS2ubZjzT7b7IPhd4O241AA/hQd9v6cbdw2y13+WOoQoBFBCxjaOLZscIut2QPwE9nnpe++EtJZ7U9VDjUfAhQ==", "hotel"=>{"title"=>"Nikita", "star_rating"=>"5", "breakfast_included"=>"yes", "room_description"=>"Some dicription", "price_for_room"=>"10", "address"=>"Sevastopol sity"}, "commit"=>"Edit hotel", "id"=>"1"}
  [1m[36mHotel Load (0.3ms)[0m  [1m[34mSELECT  "hotels".* FROM "hotels" WHERE "hotels"."id" = $1 LIMIT $2[0m  [["id", 1], ["LIMIT", 1]]
  [1m[35m (0.1ms)[0m  [1m[35mBEGIN[0m
  [1m[35m (0.1ms)[0m  [1m[35mCOMMIT[0m
Redirected to http://localhost:3000/hotels
Completed 302 Found in 3ms (ActiveRecord: 0.6ms)


Started GET "/hotels" for 127.0.0.1 at 2017-04-21 15:59:34 +0300
  
ActionController::RoutingError (No route matches [GET] "/hotels"):
  
actionpack (5.0.2) lib/action_dispatch/middleware/debug_exceptions.rb:53:in `call'
web-console (3.5.0) lib/web_console/middleware.rb:135:in `call_app'
web-console (3.5.0) lib/web_console/middleware.rb:28:in `block in call'
web-console (3.5.0) lib/web_console/middleware.rb:18:in `catch'
web-console (3.5.0) lib/web_console/middleware.rb:18:in `call'
actionpack (5.0.2) lib/action_dispatch/middleware/show_exceptions.rb:31:in `call'
railties (5.0.2) lib/rails/rack/logger.rb:36:in `call_app'
railties (5.0.2) lib/rails/rack/logger.rb:24:in `block in call'
activesupport (5.0.2) lib/active_support/tagged_logging.rb:69:in `block in tagged'
activesupport (5.0.2) lib/active_support/tagged_logging.rb:26:in `tagged'
activesupport (5.0.2) lib/active_support/tagged_logging.rb:69:in `tagged'
railties (5.0.2) lib/rails/rack/logger.rb:24:in `call'
sprockets-rails (3.2.0) lib/sprockets/rails/quiet_assets.rb:13:in `call'
actionpack (5.0.2) lib/action_dispatch/middleware/request_id.rb:24:in `call'
rack (2.0.1) lib/rack/method_override.rb:22:in `call'
rack (2.0.1) lib/rack/runtime.rb:22:in `call'
activesupport (5.0.2) lib/active_support/cache/strategy/local_cache_middleware.rb:28:in `call'
actionpack (5.0.2) lib/action_dispatch/middleware/executor.rb:12:in `call'
actionpack (5.0.2) lib/action_dispatch/middleware/static.rb:136:in `call'
rack (2.0.1) lib/rack/sendfile.rb:111:in `call'
railties (5.0.2) lib/rails/engine.rb:522:in `call'
puma (3.8.2) lib/puma/configuration.rb:224:in `call'
puma (3.8.2) lib/puma/server.rb:600:in `handle_request'
puma (3.8.2) lib/puma/server.rb:435:in `process_client'
puma (3.8.2) lib/puma/server.rb:299:in `block in run'
puma (3.8.2) lib/puma/thread_pool.rb:120:in `block in spawn_thread'
  Rendering /home/alexander/.rbenv/versions/2.4.0/lib/ruby/gems/2.4.0/gems/actionpack-5.0.2/lib/action_dispatch/middleware/templates/rescues/routing_error.html.erb within rescues/layout
  Rendering /home/alexander/.rbenv/versions/2.4.0/lib/ruby/gems/2.4.0/gems/actionpack-5.0.2/lib/action_dispatch/middleware/templates/rescues/_trace.html.erb
  Rendered /home/alexander/.rbenv/versions/2.4.0/lib/ruby/gems/2.4.0/gems/actionpack-5.0.2/lib/action_dispatch/middleware/templates/rescues/_trace.html.erb (1.3ms)
  Rendered collection of /home/alexander/.rbenv/versions/2.4.0/lib/ruby/gems/2.4.0/gems/actionpack-5.0.2/lib/action_dispatch/middleware/templates/routes/_route.html.erb [8 times] (3.2ms)
  Rendered /home/alexander/.rbenv/versions/2.4.0/lib/ruby/gems/2.4.0/gems/actionpack-5.0.2/lib/action_dispatch/middleware/templates/routes/_table.html.erb (1.1ms)
  Rendering /home/alexander/.rbenv/versions/2.4.0/lib/ruby/gems/2.4.0/gems/actionpack-5.0.2/lib/action_dispatch/middleware/templates/rescues/_request_and_response.html.erb
  Rendered /home/alexander/.rbenv/versions/2.4.0/lib/ruby/gems/2.4.0/gems/actionpack-5.0.2/lib/action_dispatch/middleware/templates/rescues/_request_and_response.html.erb (1.0ms)
  Rendered /home/alexander/.rbenv/versions/2.4.0/lib/ruby/gems/2.4.0/gems/actionpack-5.0.2/lib/action_dispatch/middleware/templates/rescues/routing_error.html.erb within rescues/layout (29.6ms)
Started GET "/hotels/new" for 127.0.0.1 at 2017-04-21 16:07:56 +0300
Processing by HotelsController#new as HTML
  Rendering hotels/new.html.erb within layouts/application
  Rendered hotels/new.html.erb within layouts/application (2.1ms)
Completed 200 OK in 31ms (Views: 21.6ms | ActiveRecord: 0.0ms)


Started POST "/hotels" for 127.0.0.1 at 2017-04-21 16:08:06 +0300
Processing by HotelsController#create as HTML
  Parameters: {"utf8"=>"✓", "authenticity_token"=>"RTZ5DLkhHKYtxsFefShrYpaXxH49tzNg2c8SqIePO6lnkvZ5lXnJK7fdc4HRPG/2icKQtHLqXuJbQGcwwWShGA==", "hotel"=>{"title"=>"sgdgs", "star_rating"=>"1", "breakfast_included"=>"sdffdsf", "room_description"=>"sdffds", "price_for_room"=>"1", "address"=>"sdffds"}, "commit"=>"Add hotel"}
Completed 500 Internal Server Error in 1ms (ActiveRecord: 0.0ms)


  
ActiveModel::ForbiddenAttributesError (ActiveModel::ForbiddenAttributesError):
  
app/controllers/hotels_controller.rb:16:in `create'
  Rendering /home/alexander/.rbenv/versions/2.4.0/lib/ruby/gems/2.4.0/gems/actionpack-5.0.2/lib/action_dispatch/middleware/templates/rescues/diagnostics.html.erb within rescues/layout
  Rendering /home/alexander/.rbenv/versions/2.4.0/lib/ruby/gems/2.4.0/gems/actionpack-5.0.2/lib/action_dispatch/middleware/templates/rescues/_source.html.erb
  Rendered /home/alexander/.rbenv/versions/2.4.0/lib/ruby/gems/2.4.0/gems/actionpack-5.0.2/lib/action_dispatch/middleware/templates/rescues/_source.html.erb (4.4ms)
  Rendering /home/alexander/.rbenv/versions/2.4.0/lib/ruby/gems/2.4.0/gems/actionpack-5.0.2/lib/action_dispatch/middleware/templates/rescues/_trace.html.erb
  Rendered /home/alexander/.rbenv/versions/2.4.0/lib/ruby/gems/2.4.0/gems/actionpack-5.0.2/lib/action_dispatch/middleware/templates/rescues/_trace.html.erb (2.0ms)
  Rendering /home/alexander/.rbenv/versions/2.4.0/lib/ruby/gems/2.4.0/gems/actionpack-5.0.2/lib/action_dispatch/middleware/templates/rescues/_request_and_response.html.erb
  Rendered /home/alexander/.rbenv/versions/2.4.0/lib/ruby/gems/2.4.0/gems/actionpack-5.0.2/lib/action_dispatch/middleware/templates/rescues/_request_and_response.html.erb (1.1ms)
  Rendered /home/alexander/.rbenv/versions/2.4.0/lib/ruby/gems/2.4.0/gems/actionpack-5.0.2/lib/action_dispatch/middleware/templates/rescues/diagnostics.html.erb within rescues/layout (25.4ms)
Started GET "/" for 127.0.0.1 at 2017-04-21 16:14:15 +0300
Processing by HomeController#index as HTML
Redirected to http://localhost:3000/hotels
Completed 302 Found in 1ms (ActiveRecord: 0.0ms)


Started GET "/hotels" for 127.0.0.1 at 2017-04-21 16:14:15 +0300
  
ActionController::RoutingError (No route matches [GET] "/hotels"):
  
actionpack (5.0.2) lib/action_dispatch/middleware/debug_exceptions.rb:53:in `call'
web-console (3.5.0) lib/web_console/middleware.rb:135:in `call_app'
web-console (3.5.0) lib/web_console/middleware.rb:28:in `block in call'
web-console (3.5.0) lib/web_console/middleware.rb:18:in `catch'
web-console (3.5.0) lib/web_console/middleware.rb:18:in `call'
actionpack (5.0.2) lib/action_dispatch/middleware/show_exceptions.rb:31:in `call'
railties (5.0.2) lib/rails/rack/logger.rb:36:in `call_app'
railties (5.0.2) lib/rails/rack/logger.rb:24:in `block in call'
activesupport (5.0.2) lib/active_support/tagged_logging.rb:69:in `block in tagged'
activesupport (5.0.2) lib/active_support/tagged_logging.rb:26:in `tagged'
activesupport (5.0.2) lib/active_support/tagged_logging.rb:69:in `tagged'
railties (5.0.2) lib/rails/rack/logger.rb:24:in `call'
sprockets-rails (3.2.0) lib/sprockets/rails/quiet_assets.rb:13:in `call'
actionpack (5.0.2) lib/action_dispatch/middleware/request_id.rb:24:in `call'
rack (2.0.1) lib/rack/method_override.rb:22:in `call'
rack (2.0.1) lib/rack/runtime.rb:22:in `call'
activesupport (5.0.2) lib/active_support/cache/strategy/local_cache_middleware.rb:28:in `call'
actionpack (5.0.2) lib/action_dispatch/middleware/executor.rb:12:in `call'
actionpack (5.0.2) lib/action_dispatch/middleware/static.rb:136:in `call'
rack (2.0.1) lib/rack/sendfile.rb:111:in `call'
railties (5.0.2) lib/rails/engine.rb:522:in `call'
puma (3.8.2) lib/puma/configuration.rb:224:in `call'
puma (3.8.2) lib/puma/server.rb:600:in `handle_request'
puma (3.8.2) lib/puma/server.rb:435:in `process_client'
puma (3.8.2) lib/puma/server.rb:299:in `block in run'
puma (3.8.2) lib/puma/thread_pool.rb:120:in `block in spawn_thread'
  Rendering /home/alexander/.rbenv/versions/2.4.0/lib/ruby/gems/2.4.0/gems/actionpack-5.0.2/lib/action_dispatch/middleware/templates/rescues/routing_error.html.erb within rescues/layout
  Rendering /home/alexander/.rbenv/versions/2.4.0/lib/ruby/gems/2.4.0/gems/actionpack-5.0.2/lib/action_dispatch/middleware/templates/rescues/_trace.html.erb
  Rendered /home/alexander/.rbenv/versions/2.4.0/lib/ruby/gems/2.4.0/gems/actionpack-5.0.2/lib/action_dispatch/middleware/templates/rescues/_trace.html.erb (1.9ms)
  Rendered collection of /home/alexander/.rbenv/versions/2.4.0/lib/ruby/gems/2.4.0/gems/actionpack-5.0.2/lib/action_dispatch/middleware/templates/routes/_route.html.erb [8 times] (2.9ms)
  Rendered /home/alexander/.rbenv/versions/2.4.0/lib/ruby/gems/2.4.0/gems/actionpack-5.0.2/lib/action_dispatch/middleware/templates/routes/_table.html.erb (6.7ms)
  Rendering /home/alexander/.rbenv/versions/2.4.0/lib/ruby/gems/2.4.0/gems/actionpack-5.0.2/lib/action_dispatch/middleware/templates/rescues/_request_and_response.html.erb
  Rendered /home/alexander/.rbenv/versions/2.4.0/lib/ruby/gems/2.4.0/gems/actionpack-5.0.2/lib/action_dispatch/middleware/templates/rescues/_request_and_response.html.erb (1.0ms)
  Rendered /home/alexander/.rbenv/versions/2.4.0/lib/ruby/gems/2.4.0/gems/actionpack-5.0.2/lib/action_dispatch/middleware/templates/rescues/routing_error.html.erb within rescues/layout (35.5ms)
Started GET "/hotels" for 127.0.0.1 at 2017-04-21 16:15:01 +0300
  
ActionController::RoutingError (No route matches [GET] "/hotels"):
  
actionpack (5.0.2) lib/action_dispatch/middleware/debug_exceptions.rb:53:in `call'
web-console (3.5.0) lib/web_console/middleware.rb:135:in `call_app'
web-console (3.5.0) lib/web_console/middleware.rb:28:in `block in call'
web-console (3.5.0) lib/web_console/middleware.rb:18:in `catch'
web-console (3.5.0) lib/web_console/middleware.rb:18:in `call'
actionpack (5.0.2) lib/action_dispatch/middleware/show_exceptions.rb:31:in `call'
railties (5.0.2) lib/rails/rack/logger.rb:36:in `call_app'
railties (5.0.2) lib/rails/rack/logger.rb:24:in `block in call'
activesupport (5.0.2) lib/active_support/tagged_logging.rb:69:in `block in tagged'
activesupport (5.0.2) lib/active_support/tagged_logging.rb:26:in `tagged'
activesupport (5.0.2) lib/active_support/tagged_logging.rb:69:in `tagged'
railties (5.0.2) lib/rails/rack/logger.rb:24:in `call'
sprockets-rails (3.2.0) lib/sprockets/rails/quiet_assets.rb:13:in `call'
actionpack (5.0.2) lib/action_dispatch/middleware/request_id.rb:24:in `call'
rack (2.0.1) lib/rack/method_override.rb:22:in `call'
rack (2.0.1) lib/rack/runtime.rb:22:in `call'
activesupport (5.0.2) lib/active_support/cache/strategy/local_cache_middleware.rb:28:in `call'
actionpack (5.0.2) lib/action_dispatch/middleware/executor.rb:12:in `call'
actionpack (5.0.2) lib/action_dispatch/middleware/static.rb:136:in `call'
rack (2.0.1) lib/rack/sendfile.rb:111:in `call'
railties (5.0.2) lib/rails/engine.rb:522:in `call'
puma (3.8.2) lib/puma/configuration.rb:224:in `call'
puma (3.8.2) lib/puma/server.rb:600:in `handle_request'
puma (3.8.2) lib/puma/server.rb:435:in `process_client'
puma (3.8.2) lib/puma/server.rb:299:in `block in run'
puma (3.8.2) lib/puma/thread_pool.rb:120:in `block in spawn_thread'
  Rendering /home/alexander/.rbenv/versions/2.4.0/lib/ruby/gems/2.4.0/gems/actionpack-5.0.2/lib/action_dispatch/middleware/templates/rescues/routing_error.html.erb within rescues/layout
  Rendering /home/alexander/.rbenv/versions/2.4.0/lib/ruby/gems/2.4.0/gems/actionpack-5.0.2/lib/action_dispatch/middleware/templates/rescues/_trace.html.erb
  Rendered /home/alexander/.rbenv/versions/2.4.0/lib/ruby/gems/2.4.0/gems/actionpack-5.0.2/lib/action_dispatch/middleware/templates/rescues/_trace.html.erb (1.2ms)
  Rendered collection of /home/alexander/.rbenv/versions/2.4.0/lib/ruby/gems/2.4.0/gems/actionpack-5.0.2/lib/action_dispatch/middleware/templates/routes/_route.html.erb [1 times] (1.0ms)
  Rendered /home/alexander/.rbenv/versions/2.4.0/lib/ruby/gems/2.4.0/gems/actionpack-5.0.2/lib/action_dispatch/middleware/templates/routes/_table.html.erb (1.1ms)
  Rendering /home/alexander/.rbenv/versions/2.4.0/lib/ruby/gems/2.4.0/gems/actionpack-5.0.2/lib/action_dispatch/middleware/templates/rescues/_request_and_response.html.erb
  Rendered /home/alexander/.rbenv/versions/2.4.0/lib/ruby/gems/2.4.0/gems/actionpack-5.0.2/lib/action_dispatch/middleware/templates/rescues/_request_and_response.html.erb (1.1ms)
  Rendered /home/alexander/.rbenv/versions/2.4.0/lib/ruby/gems/2.4.0/gems/actionpack-5.0.2/lib/action_dispatch/middleware/templates/rescues/routing_error.html.erb within rescues/layout (26.5ms)
Started GET "/hotels" for 127.0.0.1 at 2017-04-21 16:15:43 +0300
Processing by HotelsController#index as HTML
  Rendering hotels/index.html.erb within layouts/application
  [1m[36mHotel Load (0.3ms)[0m  [1m[34mSELECT "hotels".* FROM "hotels"[0m
  Rendered hotels/index.html.erb within layouts/application (8.5ms)
Completed 200 OK in 32ms (Views: 27.0ms | ActiveRecord: 0.3ms)


Started GET "/hotels/1/edit" for 127.0.0.1 at 2017-04-21 16:15:46 +0300
Processing by HotelsController#edit as HTML
  Parameters: {"id"=>"1"}
  [1m[36mHotel Load (0.4ms)[0m  [1m[34mSELECT  "hotels".* FROM "hotels" WHERE "hotels"."id" = $1 LIMIT $2[0m  [["id", 1], ["LIMIT", 1]]
  Rendering hotels/edit.html.erb within layouts/application
  Rendered hotels/edit.html.erb within layouts/application (2.4ms)
Completed 200 OK in 24ms (Views: 21.7ms | ActiveRecord: 0.4ms)


Started PATCH "/hotels/1" for 127.0.0.1 at 2017-04-21 16:15:49 +0300
Processing by HotelsController#update as HTML
  Parameters: {"utf8"=>"✓", "authenticity_token"=>"k9mtvw0s2K4dCl6b7USTPk6Ve2q3nhtrVlc3UfF+852G8FOQU+kZNX02hC176dfuuNMXFiWlCOZaCVDFA68JnA==", "hotel"=>{"title"=>"Nikita", "star_rating"=>"5", "breakfast_included"=>"yes", "room_description"=>"Some dicription", "price_for_room"=>"10", "address"=>"Sevastopol sity"}, "commit"=>"Edit hotel", "id"=>"1"}
  [1m[36mHotel Load (0.4ms)[0m  [1m[34mSELECT  "hotels".* FROM "hotels" WHERE "hotels"."id" = $1 LIMIT $2[0m  [["id", 1], ["LIMIT", 1]]
  [1m[35m (0.5ms)[0m  [1m[35mBEGIN[0m
  [1m[35m (0.1ms)[0m  [1m[35mCOMMIT[0m
Redirected to http://localhost:3000/hotels
Completed 302 Found in 3ms (ActiveRecord: 1.1ms)


Started GET "/hotels" for 127.0.0.1 at 2017-04-21 16:15:49 +0300
Processing by HotelsController#index as HTML
  Rendering hotels/index.html.erb within layouts/application
  [1m[36mHotel Load (0.3ms)[0m  [1m[34mSELECT "hotels".* FROM "hotels"[0m
  Rendered hotels/index.html.erb within layouts/application (8.2ms)
Completed 200 OK in 25ms (Views: 23.7ms | ActiveRecord: 0.3ms)


Started GET "/hotels/1" for 127.0.0.1 at 2017-04-21 16:15:51 +0300
Processing by HotelsController#show as HTML
  Parameters: {"id"=>"1"}
  [1m[36mHotel Load (0.5ms)[0m  [1m[34mSELECT  "hotels".* FROM "hotels" WHERE "hotels"."id" = $1 LIMIT $2[0m  [["id", 1], ["LIMIT", 1]]
  Rendering hotels/show.html.erb within layouts/application
  Rendered hotels/show.html.erb within layouts/application (0.6ms)
Completed 200 OK in 26ms (Views: 23.2ms | ActiveRecord: 0.5ms)


Started GET "/hotels/1/edit" for 127.0.0.1 at 2017-04-21 16:15:54 +0300
Processing by HotelsController#edit as HTML
  Parameters: {"id"=>"1"}
  [1m[36mHotel Load (0.3ms)[0m  [1m[34mSELECT  "hotels".* FROM "hotels" WHERE "hotels"."id" = $1 LIMIT $2[0m  [["id", 1], ["LIMIT", 1]]
  Rendering hotels/edit.html.erb within layouts/application
  Rendered hotels/edit.html.erb within layouts/application (1.6ms)
Completed 200 OK in 21ms (Views: 18.8ms | ActiveRecord: 0.3ms)


Started PATCH "/hotels/1" for 127.0.0.1 at 2017-04-21 16:15:56 +0300
Processing by HotelsController#update as HTML
  Parameters: {"utf8"=>"✓", "authenticity_token"=>"x3t4NlV2fw1Qs8HabdvQD/xCwDHtdHnkrbmIFTjptlnSUoYZC7O+ljCPG2z7dpTfCgSsTX9Pammh5++ByjhMWA==", "hotel"=>{"title"=>"Nikita", "star_rating"=>"5", "breakfast_included"=>"yes", "room_description"=>"Some dicription", "price_for_room"=>"10", "address"=>"Sevastopol sity"}, "commit"=>"Edit hotel", "id"=>"1"}
  [1m[36mHotel Load (0.3ms)[0m  [1m[34mSELECT  "hotels".* FROM "hotels" WHERE "hotels"."id" = $1 LIMIT $2[0m  [["id", 1], ["LIMIT", 1]]
  [1m[35m (0.1ms)[0m  [1m[35mBEGIN[0m
  [1m[35m (0.1ms)[0m  [1m[35mCOMMIT[0m
Redirected to http://localhost:3000/hotels
Completed 302 Found in 2ms (ActiveRecord: 0.5ms)


Started GET "/hotels" for 127.0.0.1 at 2017-04-21 16:15:56 +0300
Processing by HotelsController#index as HTML
  Rendering hotels/index.html.erb within layouts/application
  [1m[36mHotel Load (0.3ms)[0m  [1m[34mSELECT "hotels".* FROM "hotels"[0m
  Rendered hotels/index.html.erb within layouts/application (1.8ms)
Completed 200 OK in 19ms (Views: 18.1ms | ActiveRecord: 0.3ms)


Started GET "/hotels/1" for 127.0.0.1 at 2017-04-21 16:15:58 +0300
Processing by HotelsController#show as HTML
  Parameters: {"id"=>"1"}
  [1m[36mHotel Load (0.3ms)[0m  [1m[34mSELECT  "hotels".* FROM "hotels" WHERE "hotels"."id" = $1 LIMIT $2[0m  [["id", 1], ["LIMIT", 1]]
  Rendering hotels/show.html.erb within layouts/application
  Rendered hotels/show.html.erb within layouts/application (0.5ms)
Completed 200 OK in 21ms (Views: 18.8ms | ActiveRecord: 0.5ms)


Started GET "/hotels/1/edit" for 127.0.0.1 at 2017-04-21 16:16:02 +0300
Processing by HotelsController#edit as HTML
  Parameters: {"id"=>"1"}
  [1m[36mHotel Load (0.3ms)[0m  [1m[34mSELECT  "hotels".* FROM "hotels" WHERE "hotels"."id" = $1 LIMIT $2[0m  [["id", 1], ["LIMIT", 1]]
  Rendering hotels/edit.html.erb within layouts/application
  Rendered hotels/edit.html.erb within layouts/application (2.3ms)
Completed 200 OK in 30ms (Views: 28.1ms | ActiveRecord: 0.3ms)


Started GET "/hotels/1/edit" for 127.0.0.1 at 2017-04-21 16:16:59 +0300
Processing by HotelsController#edit as HTML
  Parameters: {"id"=>"1"}
  [1m[36mHotel Load (0.5ms)[0m  [1m[34mSELECT  "hotels".* FROM "hotels" WHERE "hotels"."id" = $1 LIMIT $2[0m  [["id", 1], ["LIMIT", 1]]
  Rendering hotels/edit.html.erb within layouts/application
  Rendered hotels/edit.html.erb within layouts/application (2.5ms)
Completed 200 OK in 43ms (Views: 40.3ms | ActiveRecord: 0.5ms)


Started PATCH "/hotels/1" for 127.0.0.1 at 2017-04-21 16:17:04 +0300
Processing by HotelsController#update as HTML
  Parameters: {"utf8"=>"✓", "authenticity_token"=>"2ZJ5Fpmak5q+bP9eZzV0cSneuCKjMis5BDZP9eYB2o3Mu4c5x19SAd5QJejxmDCh35jUXjEJOLQIaChhFNAgjA==", "hotel"=>{"title"=>"Nikita", "star_rating"=>"5", "breakfast_included"=>"yes", "room_description"=>"Some dicription", "price_for_room"=>"10", "address"=>"Sevastopol sity"}, "commit"=>"Edit hotel", "id"=>"1"}
  [1m[36mHotel Load (0.5ms)[0m  [1m[34mSELECT  "hotels".* FROM "hotels" WHERE "hotels"."id" = $1 LIMIT $2[0m  [["id", 1], ["LIMIT", 1]]
  [1m[35m (0.2ms)[0m  [1m[35mBEGIN[0m
  [1m[35m (0.1ms)[0m  [1m[35mCOMMIT[0m
Redirected to http://localhost:3000/hotels
Completed 302 Found in 3ms (ActiveRecord: 0.8ms)


Started GET "/hotels" for 127.0.0.1 at 2017-04-21 16:17:04 +0300
Processing by HotelsController#index as HTML
  Rendering hotels/index.html.erb within layouts/application
  [1m[36mHotel Load (0.3ms)[0m  [1m[34mSELECT "hotels".* FROM "hotels"[0m
  Rendered hotels/index.html.erb within layouts/application (2.6ms)
Completed 200 OK in 18ms (Views: 17.1ms | ActiveRecord: 0.3ms)


Started GET "/hotels/1" for 127.0.0.1 at 2017-04-21 16:17:06 +0300
Processing by HotelsController#show as HTML
  Parameters: {"id"=>"1"}
  [1m[36mHotel Load (0.5ms)[0m  [1m[34mSELECT  "hotels".* FROM "hotels" WHERE "hotels"."id" = $1 LIMIT $2[0m  [["id", 1], ["LIMIT", 1]]
  Rendering hotels/show.html.erb within layouts/application
  Rendered hotels/show.html.erb within layouts/application (0.9ms)
Completed 200 OK in 26ms (Views: 22.9ms | ActiveRecord: 0.5ms)


Started GET "/hotels" for 127.0.0.1 at 2017-04-21 16:18:03 +0300
Processing by HotelsController#index as HTML
  Rendering hotels/index.html.erb within layouts/application
  [1m[36mHotel Load (0.3ms)[0m  [1m[34mSELECT "hotels".* FROM "hotels"[0m
  Rendered hotels/index.html.erb within layouts/application (7.8ms)
Completed 200 OK in 26ms (Views: 23.3ms | ActiveRecord: 0.3ms)


Started GET "/hotels/1/edit" for 127.0.0.1 at 2017-04-21 16:18:04 +0300
Processing by HotelsController#edit as HTML
  Parameters: {"id"=>"1"}
  [1m[36mHotel Load (0.4ms)[0m  [1m[34mSELECT  "hotels".* FROM "hotels" WHERE "hotels"."id" = $1 LIMIT $2[0m  [["id", 1], ["LIMIT", 1]]
  Rendering hotels/edit.html.erb within layouts/application
  Rendered hotels/edit.html.erb within layouts/application (1.9ms)
Completed 200 OK in 22ms (Views: 19.9ms | ActiveRecord: 0.4ms)


Started PATCH "/hotels/1" for 127.0.0.1 at 2017-04-21 16:18:07 +0300
Processing by HotelsController#update as HTML
  Parameters: {"utf8"=>"✓", "authenticity_token"=>"GOuaqWoz8t+PisYE7p55XQmpoAZ9vfRN4kACFO4QCjINwmSGNPYzRO+2HLJ4Mz2N/+/Meu+G58DuHmWAHMHwMw==", "hotel"=>{"title"=>"Nikita", "star_rating"=>"5", "breakfast_included"=>"yes", "room_description"=>"Some dicription", "price_for_room"=>"10", "address"=>"Sevastopol sity"}, "commit"=>"Edit hotel", "id"=>"1"}
  [1m[36mHotel Load (0.3ms)[0m  [1m[34mSELECT  "hotels".* FROM "hotels" WHERE "hotels"."id" = $1 LIMIT $2[0m  [["id", 1], ["LIMIT", 1]]
  [1m[35m (0.1ms)[0m  [1m[35mBEGIN[0m
  [1m[35m (0.1ms)[0m  [1m[31mROLLBACK[0m
Completed 500 Internal Server Error in 2ms (ActiveRecord: 0.5ms)


  
ActiveModel::ForbiddenAttributesError (ActiveModel::ForbiddenAttributesError):
  
app/controllers/hotels_controller.rb:32:in `update'
  Rendering /home/alexander/.rbenv/versions/2.4.0/lib/ruby/gems/2.4.0/gems/actionpack-5.0.2/lib/action_dispatch/middleware/templates/rescues/diagnostics.html.erb within rescues/layout
  Rendering /home/alexander/.rbenv/versions/2.4.0/lib/ruby/gems/2.4.0/gems/actionpack-5.0.2/lib/action_dispatch/middleware/templates/rescues/_source.html.erb
  Rendered /home/alexander/.rbenv/versions/2.4.0/lib/ruby/gems/2.4.0/gems/actionpack-5.0.2/lib/action_dispatch/middleware/templates/rescues/_source.html.erb (5.0ms)
  Rendering /home/alexander/.rbenv/versions/2.4.0/lib/ruby/gems/2.4.0/gems/actionpack-5.0.2/lib/action_dispatch/middleware/templates/rescues/_trace.html.erb
  Rendered /home/alexander/.rbenv/versions/2.4.0/lib/ruby/gems/2.4.0/gems/actionpack-5.0.2/lib/action_dispatch/middleware/templates/rescues/_trace.html.erb (2.0ms)
  Rendering /home/alexander/.rbenv/versions/2.4.0/lib/ruby/gems/2.4.0/gems/actionpack-5.0.2/lib/action_dispatch/middleware/templates/rescues/_request_and_response.html.erb
  Rendered /home/alexander/.rbenv/versions/2.4.0/lib/ruby/gems/2.4.0/gems/actionpack-5.0.2/lib/action_dispatch/middleware/templates/rescues/_request_and_response.html.erb (1.4ms)
  Rendered /home/alexander/.rbenv/versions/2.4.0/lib/ruby/gems/2.4.0/gems/actionpack-5.0.2/lib/action_dispatch/middleware/templates/rescues/diagnostics.html.erb within rescues/layout (26.9ms)
Started GET "/hotels/1/edit" for 127.0.0.1 at 2017-04-21 16:35:18 +0300
Processing by HotelsController#edit as HTML
  Parameters: {"id"=>"1"}
  [1m[36mHotel Load (0.2ms)[0m  [1m[34mSELECT  "hotels".* FROM "hotels" WHERE "hotels"."id" = $1 LIMIT $2[0m  [["id", 1], ["LIMIT", 1]]
  Rendering hotels/edit.html.erb within layouts/application
  Rendered hotels/edit.html.erb within layouts/application (2.0ms)
Completed 200 OK in 30ms (Views: 15.8ms | ActiveRecord: 3.0ms)


Started PATCH "/hotels/1" for 127.0.0.1 at 2017-04-21 16:35:21 +0300
Processing by HotelsController#update as HTML
  Parameters: {"utf8"=>"✓", "authenticity_token"=>"Zx5LDvIavxonIXiuwrVnJhrvYzI1Z38hBunnXhTonSFyN7UhrN9+gUcdohhUGCP27KkPTqdcbKwKt4DK5jlnIA==", "hotel"=>{"title"=>"Nikita", "star_rating"=>"5", "breakfast_included"=>"yes", "room_description"=>"Some dicription", "price_for_room"=>"10", "address"=>"Sevastopol sity"}, "commit"=>"Edit hotel", "id"=>"1"}
  [1m[36mHotel Load (0.3ms)[0m  [1m[34mSELECT  "hotels".* FROM "hotels" WHERE "hotels"."id" = $1 LIMIT $2[0m  [["id", 1], ["LIMIT", 1]]
Completed 500 Internal Server Error in 2ms (ActiveRecord: 0.3ms)


  
ArgumentError (wrong number of arguments (given 6, expected 1)):
  
app/controllers/hotels_controller.rb:32:in `update'
  Rendering /home/alexander/.rbenv/versions/2.4.0/lib/ruby/gems/2.4.0/gems/actionpack-5.0.2/lib/action_dispatch/middleware/templates/rescues/diagnostics.html.erb within rescues/layout
  Rendering /home/alexander/.rbenv/versions/2.4.0/lib/ruby/gems/2.4.0/gems/actionpack-5.0.2/lib/action_dispatch/middleware/templates/rescues/_source.html.erb
  Rendered /home/alexander/.rbenv/versions/2.4.0/lib/ruby/gems/2.4.0/gems/actionpack-5.0.2/lib/action_dispatch/middleware/templates/rescues/_source.html.erb (5.2ms)
  Rendering /home/alexander/.rbenv/versions/2.4.0/lib/ruby/gems/2.4.0/gems/actionpack-5.0.2/lib/action_dispatch/middleware/templates/rescues/_trace.html.erb
  Rendered /home/alexander/.rbenv/versions/2.4.0/lib/ruby/gems/2.4.0/gems/actionpack-5.0.2/lib/action_dispatch/middleware/templates/rescues/_trace.html.erb (2.0ms)
  Rendering /home/alexander/.rbenv/versions/2.4.0/lib/ruby/gems/2.4.0/gems/actionpack-5.0.2/lib/action_dispatch/middleware/templates/rescues/_request_and_response.html.erb
  Rendered /home/alexander/.rbenv/versions/2.4.0/lib/ruby/gems/2.4.0/gems/actionpack-5.0.2/lib/action_dispatch/middleware/templates/rescues/_request_and_response.html.erb (1.5ms)
  Rendered /home/alexander/.rbenv/versions/2.4.0/lib/ruby/gems/2.4.0/gems/actionpack-5.0.2/lib/action_dispatch/middleware/templates/rescues/diagnostics.html.erb within rescues/layout (32.1ms)
Started PATCH "/hotels/1" for 127.0.0.1 at 2017-04-21 16:36:06 +0300
Processing by HotelsController#update as HTML
  Parameters: {"utf8"=>"✓", "authenticity_token"=>"Zx5LDvIavxonIXiuwrVnJhrvYzI1Z38hBunnXhTonSFyN7UhrN9+gUcdohhUGCP27KkPTqdcbKwKt4DK5jlnIA==", "hotel"=>{"title"=>"Nikita", "star_rating"=>"5", "breakfast_included"=>"yes", "room_description"=>"Some dicription", "price_for_room"=>"10", "address"=>"Sevastopol sity"}, "commit"=>"Edit hotel", "id"=>"1"}
  [1m[36mHotel Load (0.2ms)[0m  [1m[34mSELECT  "hotels".* FROM "hotels" WHERE "hotels"."id" = $1 LIMIT $2[0m  [["id", 1], ["LIMIT", 1]]
  [1m[35m (0.1ms)[0m  [1m[35mBEGIN[0m
  [1m[35m (0.1ms)[0m  [1m[31mROLLBACK[0m
Completed 500 Internal Server Error in 10ms (ActiveRecord: 0.4ms)


  
ActiveModel::ForbiddenAttributesError (ActiveModel::ForbiddenAttributesError):
  
app/controllers/hotels_controller.rb:32:in `update'
  Rendering /home/alexander/.rbenv/versions/2.4.0/lib/ruby/gems/2.4.0/gems/actionpack-5.0.2/lib/action_dispatch/middleware/templates/rescues/diagnostics.html.erb within rescues/layout
  Rendering /home/alexander/.rbenv/versions/2.4.0/lib/ruby/gems/2.4.0/gems/actionpack-5.0.2/lib/action_dispatch/middleware/templates/rescues/_source.html.erb
  Rendered /home/alexander/.rbenv/versions/2.4.0/lib/ruby/gems/2.4.0/gems/actionpack-5.0.2/lib/action_dispatch/middleware/templates/rescues/_source.html.erb (4.7ms)
  Rendering /home/alexander/.rbenv/versions/2.4.0/lib/ruby/gems/2.4.0/gems/actionpack-5.0.2/lib/action_dispatch/middleware/templates/rescues/_trace.html.erb
  Rendered /home/alexander/.rbenv/versions/2.4.0/lib/ruby/gems/2.4.0/gems/actionpack-5.0.2/lib/action_dispatch/middleware/templates/rescues/_trace.html.erb (2.1ms)
  Rendering /home/alexander/.rbenv/versions/2.4.0/lib/ruby/gems/2.4.0/gems/actionpack-5.0.2/lib/action_dispatch/middleware/templates/rescues/_request_and_response.html.erb
  Rendered /home/alexander/.rbenv/versions/2.4.0/lib/ruby/gems/2.4.0/gems/actionpack-5.0.2/lib/action_dispatch/middleware/templates/rescues/_request_and_response.html.erb (1.3ms)
  Rendered /home/alexander/.rbenv/versions/2.4.0/lib/ruby/gems/2.4.0/gems/actionpack-5.0.2/lib/action_dispatch/middleware/templates/rescues/diagnostics.html.erb within rescues/layout (27.1ms)
Started PATCH "/hotels/1" for 127.0.0.1 at 2017-04-21 16:37:06 +0300
Processing by HotelsController#update as HTML
  Parameters: {"utf8"=>"✓", "authenticity_token"=>"Zx5LDvIavxonIXiuwrVnJhrvYzI1Z38hBunnXhTonSFyN7UhrN9+gUcdohhUGCP27KkPTqdcbKwKt4DK5jlnIA==", "hotel"=>{"title"=>"Nikita", "star_rating"=>"5", "breakfast_included"=>"yes", "room_description"=>"Some dicription", "price_for_room"=>"10", "address"=>"Sevastopol sity"}, "commit"=>"Edit hotel", "id"=>"1"}
  [1m[36mHotel Load (0.3ms)[0m  [1m[34mSELECT  "hotels".* FROM "hotels" WHERE "hotels"."id" = $1 LIMIT $2[0m  [["id", 1], ["LIMIT", 1]]
  [1m[35m (0.2ms)[0m  [1m[35mBEGIN[0m
  [1m[35m (0.2ms)[0m  [1m[31mROLLBACK[0m
Completed 500 Internal Server Error in 12ms (ActiveRecord: 0.6ms)


  
ArgumentError (When assigning attributes, you must pass a hash as an argument.):
  
app/controllers/hotels_controller.rb:32:in `update'
  Rendering /home/alexander/.rbenv/versions/2.4.0/lib/ruby/gems/2.4.0/gems/actionpack-5.0.2/lib/action_dispatch/middleware/templates/rescues/diagnostics.html.erb within rescues/layout
  Rendering /home/alexander/.rbenv/versions/2.4.0/lib/ruby/gems/2.4.0/gems/actionpack-5.0.2/lib/action_dispatch/middleware/templates/rescues/_source.html.erb
  Rendered /home/alexander/.rbenv/versions/2.4.0/lib/ruby/gems/2.4.0/gems/actionpack-5.0.2/lib/action_dispatch/middleware/templates/rescues/_source.html.erb (4.7ms)
  Rendering /home/alexander/.rbenv/versions/2.4.0/lib/ruby/gems/2.4.0/gems/actionpack-5.0.2/lib/action_dispatch/middleware/templates/rescues/_trace.html.erb
  Rendered /home/alexander/.rbenv/versions/2.4.0/lib/ruby/gems/2.4.0/gems/actionpack-5.0.2/lib/action_dispatch/middleware/templates/rescues/_trace.html.erb (2.1ms)
  Rendering /home/alexander/.rbenv/versions/2.4.0/lib/ruby/gems/2.4.0/gems/actionpack-5.0.2/lib/action_dispatch/middleware/templates/rescues/_request_and_response.html.erb
  Rendered /home/alexander/.rbenv/versions/2.4.0/lib/ruby/gems/2.4.0/gems/actionpack-5.0.2/lib/action_dispatch/middleware/templates/rescues/_request_and_response.html.erb (1.3ms)
  Rendered /home/alexander/.rbenv/versions/2.4.0/lib/ruby/gems/2.4.0/gems/actionpack-5.0.2/lib/action_dispatch/middleware/templates/rescues/diagnostics.html.erb within rescues/layout (26.2ms)
Started GET "/hotels/new" for 127.0.0.1 at 2017-04-21 16:44:19 +0300
Processing by HotelsController#new as HTML
  Rendering hotels/new.html.erb within layouts/application
  Rendered hotels/new.html.erb within layouts/application (2.8ms)
Completed 200 OK in 25ms (Views: 23.5ms | ActiveRecord: 0.0ms)


Started POST "/hotels" for 127.0.0.1 at 2017-04-21 16:44:27 +0300
Processing by HotelsController#create as HTML
  Parameters: {"utf8"=>"✓", "authenticity_token"=>"6OtIUZFtCPwfyFms8z7O2hbAtKe8aYSpw/+xAdN+S33KT8ckvTXdcYXT63NfKspOCZXgbfM06StBcMSZlZXRzA==", "hotel"=>{"title"=>"sdf", "star_rating"=>"1", "breakfast_included"=>"sdffd", "room_description"=>"gfdg", "price_for_room"=>"1", "address"=>"dsfds"}, "commit"=>"Add hotel"}
Completed 500 Internal Server Error in 1ms (ActiveRecord: 0.0ms)


  
ActiveModel::ForbiddenAttributesError (ActiveModel::ForbiddenAttributesError):
  
app/controllers/hotels_controller.rb:16:in `create'
  Rendering /home/alexander/.rbenv/versions/2.4.0/lib/ruby/gems/2.4.0/gems/actionpack-5.0.2/lib/action_dispatch/middleware/templates/rescues/diagnostics.html.erb within rescues/layout
  Rendering /home/alexander/.rbenv/versions/2.4.0/lib/ruby/gems/2.4.0/gems/actionpack-5.0.2/lib/action_dispatch/middleware/templates/rescues/_source.html.erb
  Rendered /home/alexander/.rbenv/versions/2.4.0/lib/ruby/gems/2.4.0/gems/actionpack-5.0.2/lib/action_dispatch/middleware/templates/rescues/_source.html.erb (5.1ms)
  Rendering /home/alexander/.rbenv/versions/2.4.0/lib/ruby/gems/2.4.0/gems/actionpack-5.0.2/lib/action_dispatch/middleware/templates/rescues/_trace.html.erb
  Rendered /home/alexander/.rbenv/versions/2.4.0/lib/ruby/gems/2.4.0/gems/actionpack-5.0.2/lib/action_dispatch/middleware/templates/rescues/_trace.html.erb (1.9ms)
  Rendering /home/alexander/.rbenv/versions/2.4.0/lib/ruby/gems/2.4.0/gems/actionpack-5.0.2/lib/action_dispatch/middleware/templates/rescues/_request_and_response.html.erb
  Rendered /home/alexander/.rbenv/versions/2.4.0/lib/ruby/gems/2.4.0/gems/actionpack-5.0.2/lib/action_dispatch/middleware/templates/rescues/_request_and_response.html.erb (1.2ms)
  Rendered /home/alexander/.rbenv/versions/2.4.0/lib/ruby/gems/2.4.0/gems/actionpack-5.0.2/lib/action_dispatch/middleware/templates/rescues/diagnostics.html.erb within rescues/layout (26.3ms)
Started POST "/hotels" for 127.0.0.1 at 2017-04-21 16:49:13 +0300
Processing by HotelsController#create as HTML
  Parameters: {"utf8"=>"✓", "authenticity_token"=>"6OtIUZFtCPwfyFms8z7O2hbAtKe8aYSpw/+xAdN+S33KT8ckvTXdcYXT63NfKspOCZXgbfM06StBcMSZlZXRzA==", "hotel"=>{"title"=>"sdf", "star_rating"=>"1", "breakfast_included"=>"sdffd", "room_description"=>"gfdg", "price_for_room"=>"1", "address"=>"dsfds"}, "commit"=>"Add hotel"}
  [1m[35m (0.2ms)[0m  [1m[35mBEGIN[0m
  [1m[35mSQL (21.2ms)[0m  [1m[32mINSERT INTO "hotels" ("title", "star_rating", "breakfast_included", "room_description", "price_for_room", "address") VALUES ($1, $2, $3, $4, $5, $6) RETURNING "id"[0m  [["title", "sdf"], ["star_rating", 1], ["breakfast_included", "sdffd"], ["room_description", "gfdg"], ["price_for_room", 1], ["address", "dsfds"]]
  [1m[35m (53.2ms)[0m  [1m[35mCOMMIT[0m
Redirected to http://localhost:3000/hotels
Completed 302 Found in 89ms (ActiveRecord: 74.6ms)


Started GET "/hotels" for 127.0.0.1 at 2017-04-21 16:49:14 +0300
Processing by HotelsController#index as HTML
  Rendering hotels/index.html.erb within layouts/application
  [1m[36mHotel Load (0.3ms)[0m  [1m[34mSELECT "hotels".* FROM "hotels"[0m
  Rendered hotels/index.html.erb within layouts/application (1.9ms)
Completed 200 OK in 16ms (Views: 15.1ms | ActiveRecord: 0.3ms)


Started DELETE "/hotels/2" for 127.0.0.1 at 2017-04-21 16:49:16 +0300
Processing by HotelsController#destroy as HTML
  Parameters: {"authenticity_token"=>"whJ7JWw5uPZaXwKmLow5yrUOmMpTtovYwxW4kldzuwFrmDWHvrJyDDBYUuFWAwbSTcq162qCtrJQ3Zcqs6ql2A==", "id"=>"2"}
  [1m[36mHotel Load (0.4ms)[0m  [1m[34mSELECT  "hotels".* FROM "hotels" WHERE "hotels"."id" = $1 LIMIT $2[0m  [["id", 2], ["LIMIT", 1]]
  [1m[35m (0.1ms)[0m  [1m[35mBEGIN[0m
  [1m[35mSQL (0.3ms)[0m  [1m[31mDELETE FROM "hotels" WHERE "hotels"."id" = $1[0m  [["id", 2]]
  [1m[35m (13.8ms)[0m  [1m[35mCOMMIT[0m
Redirected to http://localhost:3000/hotels
Completed 302 Found in 18ms (ActiveRecord: 14.6ms)


Started GET "/hotels" for 127.0.0.1 at 2017-04-21 16:49:16 +0300
Processing by HotelsController#index as HTML
  Rendering hotels/index.html.erb within layouts/application
  [1m[36mHotel Load (0.4ms)[0m  [1m[34mSELECT "hotels".* FROM "hotels"[0m
  Rendered hotels/index.html.erb within layouts/application (2.6ms)
Completed 200 OK in 17ms (Views: 15.9ms | ActiveRecord: 0.4ms)


Started GET "/hotels/1/edit" for 127.0.0.1 at 2017-04-21 16:51:35 +0300
Processing by HotelsController#edit as HTML
  Parameters: {"id"=>"1"}
  [1m[36mHotel Load (0.2ms)[0m  [1m[34mSELECT  "hotels".* FROM "hotels" WHERE "hotels"."id" = $1 LIMIT $2[0m  [["id", 1], ["LIMIT", 1]]
  Rendering hotels/edit.html.erb within layouts/application
  Rendered hotels/edit.html.erb within layouts/application (12.0ms)
Completed 200 OK in 35ms (Views: 33.0ms | ActiveRecord: 0.4ms)


Started PATCH "/hotels/1" for 127.0.0.1 at 2017-04-21 16:51:39 +0300
Processing by HotelsController#update as HTML
  Parameters: {"utf8"=>"✓", "authenticity_token"=>"DXH/bx3QA96AE1wmupLtKW8oAtbuh6OQi0LLobuDqSYYWAFAQxXCReAvhpAsP6n5mW5uqny8sB2HHKw1SVJTJw==", "hotel"=>{"title"=>"Nikita", "star_rating"=>"5", "breakfast_included"=>"yes", "room_description"=>"Some dicription", "price_for_room"=>"10", "address"=>"Sevastopol sity"}, "commit"=>"Edit hotel", "id"=>"1"}
  [1m[36mHotel Load (0.3ms)[0m  [1m[34mSELECT  "hotels".* FROM "hotels" WHERE "hotels"."id" = $1 LIMIT $2[0m  [["id", 1], ["LIMIT", 1]]
  [1m[35m (0.1ms)[0m  [1m[35mBEGIN[0m
  [1m[35m (0.1ms)[0m  [1m[31mROLLBACK[0m
Completed 500 Internal Server Error in 2ms (ActiveRecord: 0.5ms)


  
ArgumentError (When assigning attributes, you must pass a hash as an argument.):
  
app/controllers/hotels_controller.rb:32:in `update'
  Rendering /home/alexander/.rbenv/versions/2.4.0/lib/ruby/gems/2.4.0/gems/actionpack-5.0.2/lib/action_dispatch/middleware/templates/rescues/diagnostics.html.erb within rescues/layout
  Rendering /home/alexander/.rbenv/versions/2.4.0/lib/ruby/gems/2.4.0/gems/actionpack-5.0.2/lib/action_dispatch/middleware/templates/rescues/_source.html.erb
  Rendered /home/alexander/.rbenv/versions/2.4.0/lib/ruby/gems/2.4.0/gems/actionpack-5.0.2/lib/action_dispatch/middleware/templates/rescues/_source.html.erb (5.1ms)
  Rendering /home/alexander/.rbenv/versions/2.4.0/lib/ruby/gems/2.4.0/gems/actionpack-5.0.2/lib/action_dispatch/middleware/templates/rescues/_trace.html.erb
  Rendered /home/alexander/.rbenv/versions/2.4.0/lib/ruby/gems/2.4.0/gems/actionpack-5.0.2/lib/action_dispatch/middleware/templates/rescues/_trace.html.erb (2.3ms)
  Rendering /home/alexander/.rbenv/versions/2.4.0/lib/ruby/gems/2.4.0/gems/actionpack-5.0.2/lib/action_dispatch/middleware/templates/rescues/_request_and_response.html.erb
  Rendered /home/alexander/.rbenv/versions/2.4.0/lib/ruby/gems/2.4.0/gems/actionpack-5.0.2/lib/action_dispatch/middleware/templates/rescues/_request_and_response.html.erb (1.6ms)
  Rendered /home/alexander/.rbenv/versions/2.4.0/lib/ruby/gems/2.4.0/gems/actionpack-5.0.2/lib/action_dispatch/middleware/templates/rescues/diagnostics.html.erb within rescues/layout (27.9ms)
Started PATCH "/hotels/1" for 127.0.0.1 at 2017-04-21 17:03:33 +0300
Processing by HotelsController#update as HTML
  Parameters: {"utf8"=>"✓", "authenticity_token"=>"DXH/bx3QA96AE1wmupLtKW8oAtbuh6OQi0LLobuDqSYYWAFAQxXCReAvhpAsP6n5mW5uqny8sB2HHKw1SVJTJw==", "hotel"=>{"title"=>"Nikita", "star_rating"=>"5", "breakfast_included"=>"yes", "room_description"=>"Some dicription", "price_for_room"=>"10", "address"=>"Sevastopol sity"}, "commit"=>"Edit hotel", "id"=>"1"}
  [1m[36mHotel Load (0.2ms)[0m  [1m[34mSELECT  "hotels".* FROM "hotels" WHERE "hotels"."id" = $1 LIMIT $2[0m  [["id", 1], ["LIMIT", 1]]
  [1m[35m (0.2ms)[0m  [1m[35mBEGIN[0m
  [1m[35m (0.2ms)[0m  [1m[31mROLLBACK[0m
Completed 500 Internal Server Error in 10ms (ActiveRecord: 0.6ms)


  
ArgumentError (When assigning attributes, you must pass a hash as an argument.):
  
app/controllers/hotels_controller.rb:32:in `update'
  Rendering /home/alexander/.rbenv/versions/2.4.0/lib/ruby/gems/2.4.0/gems/actionpack-5.0.2/lib/action_dispatch/middleware/templates/rescues/diagnostics.html.erb within rescues/layout
  Rendering /home/alexander/.rbenv/versions/2.4.0/lib/ruby/gems/2.4.0/gems/actionpack-5.0.2/lib/action_dispatch/middleware/templates/rescues/_source.html.erb
  Rendered /home/alexander/.rbenv/versions/2.4.0/lib/ruby/gems/2.4.0/gems/actionpack-5.0.2/lib/action_dispatch/middleware/templates/rescues/_source.html.erb (5.1ms)
  Rendering /home/alexander/.rbenv/versions/2.4.0/lib/ruby/gems/2.4.0/gems/actionpack-5.0.2/lib/action_dispatch/middleware/templates/rescues/_trace.html.erb
  Rendered /home/alexander/.rbenv/versions/2.4.0/lib/ruby/gems/2.4.0/gems/actionpack-5.0.2/lib/action_dispatch/middleware/templates/rescues/_trace.html.erb (2.1ms)
  Rendering /home/alexander/.rbenv/versions/2.4.0/lib/ruby/gems/2.4.0/gems/actionpack-5.0.2/lib/action_dispatch/middleware/templates/rescues/_request_and_response.html.erb
  Rendered /home/alexander/.rbenv/versions/2.4.0/lib/ruby/gems/2.4.0/gems/actionpack-5.0.2/lib/action_dispatch/middleware/templates/rescues/_request_and_response.html.erb (1.4ms)
  Rendered /home/alexander/.rbenv/versions/2.4.0/lib/ruby/gems/2.4.0/gems/actionpack-5.0.2/lib/action_dispatch/middleware/templates/rescues/diagnostics.html.erb within rescues/layout (26.9ms)
Started PATCH "/hotels/1" for 127.0.0.1 at 2017-04-21 17:08:38 +0300
Processing by HotelsController#update as HTML
  Parameters: {"utf8"=>"✓", "authenticity_token"=>"DXH/bx3QA96AE1wmupLtKW8oAtbuh6OQi0LLobuDqSYYWAFAQxXCReAvhpAsP6n5mW5uqny8sB2HHKw1SVJTJw==", "hotel"=>{"title"=>"Nikita", "star_rating"=>"5", "breakfast_included"=>"yes", "room_description"=>"Some dicription", "price_for_room"=>"10", "address"=>"Sevastopol sity"}, "commit"=>"Edit hotel", "id"=>"1"}
  [1m[36mHotel Load (0.2ms)[0m  [1m[34mSELECT  "hotels".* FROM "hotels" WHERE "hotels"."id" = $1 LIMIT $2[0m  [["id", 1], ["LIMIT", 1]]
  [1m[35m (0.1ms)[0m  [1m[35mBEGIN[0m
  [1m[35mSQL (0.3ms)[0m  [1m[33mUPDATE "hotels" SET "star_rating" = $1 WHERE "hotels"."id" = $2[0m  [["star_rating", 5], ["id", 1]]
  [1m[35m (161.0ms)[0m  [1m[35mCOMMIT[0m
Redirected to http://localhost:3000/hotels
Completed 302 Found in 177ms (ActiveRecord: 161.7ms)


Started GET "/hotels" for 127.0.0.1 at 2017-04-21 17:08:39 +0300
Processing by HotelsController#index as HTML
  Rendering hotels/index.html.erb within layouts/application
  [1m[36mHotel Load (0.3ms)[0m  [1m[34mSELECT "hotels".* FROM "hotels"[0m
  Rendered hotels/index.html.erb within layouts/application (2.8ms)
Completed 200 OK in 36ms (Views: 34.8ms | ActiveRecord: 0.3ms)


Started GET "/hotels/1" for 127.0.0.1 at 2017-04-21 17:08:40 +0300
Processing by HotelsController#show as HTML
  Parameters: {"id"=>"1"}
  [1m[36mHotel Load (0.3ms)[0m  [1m[34mSELECT  "hotels".* FROM "hotels" WHERE "hotels"."id" = $1 LIMIT $2[0m  [["id", 1], ["LIMIT", 1]]
  Rendering hotels/show.html.erb within layouts/application
  Rendered hotels/show.html.erb within layouts/application (0.8ms)
Completed 200 OK in 41ms (Views: 39.2ms | ActiveRecord: 0.3ms)


Started GET "/hotels/new" for 127.0.0.1 at 2017-04-21 17:09:46 +0300
Processing by HotelsController#new as HTML
  Rendering hotels/new.html.erb within layouts/application
  Rendered hotels/new.html.erb within layouts/application (2.9ms)
Completed 200 OK in 35ms (Views: 33.6ms | ActiveRecord: 0.0ms)


Started POST "/hotels" for 127.0.0.1 at 2017-04-21 17:16:41 +0300
Processing by HotelsController#create as HTML
  Parameters: {"utf8"=>"✓", "authenticity_token"=>"b4sY1dbJnp+USLwDXQojhDItWeENRBACy7L47ko54VJNL5eg+pFLEg5TDtzxHicQLXgNK0IZfYBJPY12DNJ74w==", "hotel"=>{"title"=>"Ukraine", "star_rating"=>"4", "breakfast_included"=>"No", "room_description"=>"Some description", "price_for_room"=>"15", "address"=>"Sevastopol city"}, "commit"=>"Add hotel"}
  [1m[35m (0.1ms)[0m  [1m[35mBEGIN[0m
  [1m[35mSQL (0.4ms)[0m  [1m[32mINSERT INTO "hotels" ("title", "star_rating", "breakfast_included", "room_description", "price_for_room", "address") VALUES ($1, $2, $3, $4, $5, $6) RETURNING "id"[0m  [["title", "Ukraine"], ["star_rating", 4], ["breakfast_included", "No"], ["room_description", "Some description"], ["price_for_room", 15], ["address", "Sevastopol city"]]
  [1m[35m (57.4ms)[0m  [1m[35mCOMMIT[0m
Redirected to http://localhost:3000/hotels
Completed 302 Found in 61ms (ActiveRecord: 58.0ms)


Started GET "/hotels" for 127.0.0.1 at 2017-04-21 17:16:41 +0300
Processing by HotelsController#index as HTML
  Rendering hotels/index.html.erb within layouts/application
  [1m[36mHotel Load (0.2ms)[0m  [1m[34mSELECT "hotels".* FROM "hotels"[0m
  Rendered hotels/index.html.erb within layouts/application (1.7ms)
Completed 200 OK in 18ms (Views: 16.8ms | ActiveRecord: 0.2ms)


Started GET "/hotels/3" for 127.0.0.1 at 2017-04-21 17:16:45 +0300
Processing by HotelsController#show as HTML
  Parameters: {"id"=>"3"}
  [1m[36mHotel Load (0.3ms)[0m  [1m[34mSELECT  "hotels".* FROM "hotels" WHERE "hotels"."id" = $1 LIMIT $2[0m  [["id", 3], ["LIMIT", 1]]
  Rendering hotels/show.html.erb within layouts/application
  Rendered hotels/show.html.erb within layouts/application (0.6ms)
Completed 200 OK in 24ms (Views: 21.9ms | ActiveRecord: 0.3ms)


Started GET "/hotels/3/edit" for 127.0.0.1 at 2017-04-21 17:28:16 +0300
Processing by HotelsController#edit as HTML
  Parameters: {"id"=>"3"}
  [1m[36mHotel Load (0.3ms)[0m  [1m[34mSELECT  "hotels".* FROM "hotels" WHERE "hotels"."id" = $1 LIMIT $2[0m  [["id", 3], ["LIMIT", 1]]
  Rendering hotels/edit.html.erb within layouts/application
  Rendered hotels/edit.html.erb within layouts/application (2.5ms)
Completed 200 OK in 31ms (Views: 28.6ms | ActiveRecord: 0.3ms)


Started PATCH "/hotels/3" for 127.0.0.1 at 2017-04-21 17:28:19 +0300
Processing by HotelsController#update as HTML
  Parameters: {"utf8"=>"✓", "authenticity_token"=>"61tWuIYjzmke9rB7yVAzA2quVbNJDOgi0n5gM6kTN5LNDqYuAtivWFp7PyNXhgUC5tMJp8GyXve48Y5Ab4JTrQ==", "hotel"=>{"title"=>"Ukraine", "star_rating"=>"3", "breakfast_included"=>"No", "room_description"=>"Some description", "price_for_room"=>"15", "address"=>"Sevastopol city"}, "commit"=>"Edit hotel", "id"=>"3"}
  [1m[36mHotel Load (0.5ms)[0m  [1m[34mSELECT  "hotels".* FROM "hotels" WHERE "hotels"."id" = $1 LIMIT $2[0m  [["id", 3], ["LIMIT", 1]]
  [1m[35m (0.2ms)[0m  [1m[35mBEGIN[0m
  [1m[35mSQL (0.5ms)[0m  [1m[33mUPDATE "hotels" SET "star_rating" = $1 WHERE "hotels"."id" = $2[0m  [["star_rating", 3], ["id", 3]]
  [1m[35m (67.0ms)[0m  [1m[35mCOMMIT[0m
Redirected to http://localhost:3000/hotels
Completed 302 Found in 73ms (ActiveRecord: 68.1ms)


Started GET "/hotels" for 127.0.0.1 at 2017-04-21 17:28:19 +0300
Processing by HotelsController#index as HTML
  Rendering hotels/index.html.erb within layouts/application
  [1m[36mHotel Load (0.3ms)[0m  [1m[34mSELECT "hotels".* FROM "hotels"[0m
  Rendered hotels/index.html.erb within layouts/application (2.2ms)
Completed 200 OK in 29ms (Views: 27.4ms | ActiveRecord: 0.3ms)


